[35m[Appium][39m Welcome to Appium v1.22.3
[35m[Appium][39m Non-default server args:
[35m[Appium][39m   port: 53659
[35m[Appium][39m   tmpDir: /var/folders/jf/7ft2rffd2_q5km40xb2938w00000gn/T//Katalon/Appium/Temp1680994108374
[35m[Appium][39m   chromedriverPort: 53660
[35m[Appium][39m Deprecated server args:
[35m[Appium][39m   [31m--chromedriver-port[39m => --default-capabilities
[35m[Appium][39m Default capabilities, which will be added to each request unless overridden by desired capabilities:
[35m[Appium][39m   chromedriverPort: 53660
[35m[Appium][39m Appium REST http interface listener started on 0.0.0.0:53659
[35m[HTTP][39m [37m-->[39m [37mGET[39m [37m/wd/hub/status[39m
[35m[HTTP][39m [90m{}[39m
[debug] [35m[GENERIC][39m Calling AppiumDriver.getStatus() with args: []
[debug] [35m[GENERIC][39m Responding to client with driver.getStatus() result: {"build":{"version":"1.22.3"}}
[35m[HTTP][39m [37m<-- GET /wd/hub/status [39m[32m200[39m [90m3 ms - 68[39m
[35m[HTTP][39m [90m[39m
[35m[HTTP][39m [37m-->[39m [37mGET[39m [37m/wd/hub/status[39m
[35m[HTTP][39m [90m{}[39m
[debug] [35m[GENERIC][39m Calling AppiumDriver.getStatus() with args: []
[debug] [35m[GENERIC][39m Responding to client with driver.getStatus() result: {"build":{"version":"1.22.3"}}
[35m[HTTP][39m [37m<-- GET /wd/hub/status [39m[32m200[39m [90m2 ms - 68[39m
[35m[HTTP][39m [90m[39m
[35m[HTTP][39m [37m-->[39m [37mPOST[39m [37m/wd/hub/session[39m
[35m[HTTP][39m [90m{"desiredCapabilities":{"appActivity":".Settings","appPackage":"com.android.settings","newCommandTimeout":1800,"platformVersion":"12","automationName":"uiautomator2","autoGrantPermissions":true,"platformName":"Android","udid":"emulator-5554","deviceName":"emulator-5554 (sdk_gphone64_arm64 - Android 12)","platform":"ANDROID","systemPort":8258},"capabilities":{"firstMatch":[{"appium:appActivity":".Settings","appium:appPackage":"com.android.settings","appium:autoGrantPermissions":true,"appium:automationName":"uiautomator2","appium:deviceName":"emulator-5554 (sdk_gphone64_arm64 - Android 12)","appium:newCommandTimeout":1800,"platform":"ANDROID","platformName":"android","appium:platformVersion":"12","appium:systemPort":8258,"appium:udid":"emulator-5554"}]}}[39m
[debug] [35m[W3C][39m Calling AppiumDriver.createSession() with args: [{"appActivity":".Settings","appPackage":"com.android.settings","newCommandTimeout":1800,"platformVersion":"12","automationName":"uiautomator2","autoGrantPermissions":true,"platformName":"Android","udid":"emulator-5554","deviceName":"emulator-5554 (sdk_gphone64_arm64 - Android 12)","platform":"ANDROID","systemPort":8258},null,{"firstMatch":[{"appium:appActivity":".Settings","appium:appPackage":"com.android.settings","appium:autoGrantPermissions":true,"appium:automationName":"uiautomator2","appium:deviceName":"emulator-5554 (sdk_gphone64_arm64 - Android 12)","appium:newCommandTimeout":1800,"platform":"ANDROID","platformName":"android","appium:platformVersion":"12","appium:systemPort":8258,"appium:udid":"emulator-5554"}]}]
[debug] [35m[BaseDriver][39m Event 'newSessionRequested' logged at 1680994110395 (04:18:30 GMT+0530 (India Standard Time))
[35m[BaseDriver][39m The following capabilities are not standard capabilities and should have an extension prefix:
[35m[BaseDriver][39m   platform
[35m[BaseDriver][39m   chromedriverPort
[35m[Appium][39m Appium v1.22.3 creating new AndroidUiautomator2Driver (v1.70.1) session
[debug] [35m[BaseDriver][39m W3C capabilities and MJSONWP desired capabilities were provided
[debug] [35m[BaseDriver][39m Creating session with W3C capabilities: {
[debug] [35m[BaseDriver][39m   "alwaysMatch": {
[debug] [35m[BaseDriver][39m     "appium:platform": "ANDROID",
[debug] [35m[BaseDriver][39m     "platformName": "android",
[debug] [35m[BaseDriver][39m     "appium:chromedriverPort": 53660,
[debug] [35m[BaseDriver][39m     "appium:appActivity": ".Settings",
[debug] [35m[BaseDriver][39m     "appium:appPackage": "com.android.settings",
[debug] [35m[BaseDriver][39m     "appium:autoGrantPermissions": true,
[debug] [35m[BaseDriver][39m     "appium:automationName": "uiautomator2",
[debug] [35m[BaseDriver][39m     "appium:deviceName": "emulator-5554 (sdk_gphone64_arm64 - Android 12)",
[debug] [35m[BaseDriver][39m     "appium:newCommandTimeout": 1800,
[debug] [35m[BaseDriver][39m     "appium:platformVersion": "12",
[debug] [35m[BaseDriver][39m     "appium:systemPort": 8258,
[debug] [35m[BaseDriver][39m     "appium:udid": "emulator-5554"
[debug] [35m[BaseDriver][39m   },
[debug] [35m[BaseDriver][39m   "firstMatch": [
[debug] [35m[BaseDriver][39m     {}
[debug] [35m[BaseDriver][39m   ]
[debug] [35m[BaseDriver][39m }
[35m[BaseDriver][39m The following capabilities were provided, but are not recognized by Appium:
[35m[BaseDriver][39m   platform
[35m[BaseDriver][39m Session created with session id: 909d1433-f16b-40b6-940e-9704f12beef1
[35m[UiAutomator2][39m Starting 'com.android.settings' directly on the device
[35m[ADB][39m Found 1 'build-tools' folders under '/Users/altamash/.katalon/tools/android_sdk' (newest first):
[35m[ADB][39m     /Users/altamash/.katalon/tools/android_sdk/build-tools/29.0.3
[35m[ADB][39m Using 'adb' from '/Users/altamash/.katalon/tools/android_sdk/platform-tools/adb'
[debug] [35m[ADB][39m Running '/Users/altamash/.katalon/tools/android_sdk/platform-tools/adb -P 5037 start-server'
[35m[AndroidDriver][39m Retrieving device list
[debug] [35m[ADB][39m Trying to find a connected android device
[debug] [35m[ADB][39m Getting connected devices
[debug] [35m[ADB][39m Connected devices: [{"udid":"emulator-5554","state":"device"}]
[35m[AndroidDriver][39m Using device: emulator-5554
[35m[ADB][39m Using 'adb' from '/Users/altamash/.katalon/tools/android_sdk/platform-tools/adb'
[debug] [35m[ADB][39m Running '/Users/altamash/.katalon/tools/android_sdk/platform-tools/adb -P 5037 start-server'
[debug] [35m[ADB][39m Setting device id to emulator-5554
[debug] [35m[ADB][39m Running '/Users/altamash/.katalon/tools/android_sdk/platform-tools/adb -P 5037 -s emulator-5554 shell getprop ro.build.version.sdk'
[debug] [35m[ADB][39m Current device property 'ro.build.version.sdk': 32
[35m[ADB][39m Getting device platform version
[debug] [35m[ADB][39m Running '/Users/altamash/.katalon/tools/android_sdk/platform-tools/adb -P 5037 -s emulator-5554 shell getprop ro.build.version.release'
[debug] [35m[ADB][39m Current device property 'ro.build.version.release': 12
[debug] [35m[ADB][39m Device API level: 32
[35m[UiAutomator2][39m Relaxing hidden api policy
[debug] [35m[ADB][39m Running '/Users/altamash/.katalon/tools/android_sdk/platform-tools/adb -P 5037 -s emulator-5554 shell 'settings put global hidden_api_policy_pre_p_apps 1;settings put global hidden_api_policy_p_apps 1;settings put global hidden_api_policy 1''
[35m[AndroidDriver][39m No app sent in, not parsing package/activity
[debug] [35m[ADB][39m Running '/Users/altamash/.katalon/tools/android_sdk/platform-tools/adb -P 5037 -s emulator-5554 wait-for-device'
[debug] [35m[ADB][39m Running '/Users/altamash/.katalon/tools/android_sdk/platform-tools/adb -P 5037 -s emulator-5554 shell echo ping'
[debug] [35m[AndroidDriver][39m Pushing settings apk to device...
[debug] [35m[ADB][39m Getting install status for io.appium.settings
[debug] [35m[ADB][39m Running '/Users/altamash/.katalon/tools/android_sdk/platform-tools/adb -P 5037 -s emulator-5554 shell dumpsys package io.appium.settings'
[debug] [35m[ADB][39m 'io.appium.settings' is installed
[debug] [35m[ADB][39m Getting package info for 'io.appium.settings'
[debug] [35m[ADB][39m Running '/Users/altamash/.katalon/tools/android_sdk/platform-tools/adb -P 5037 -s emulator-5554 shell dumpsys package io.appium.settings'
[debug] [35m[ADB][39m The version name of the installed 'io.appium.settings' is greater or equal to the application version name ('3.4.0' >= '3.4.0')
[debug] [35m[ADB][39m There is no need to install/upgrade '/usr/local/lib/node_modules/appium/node_modules/io.appium.settings/apks/settings_apk-debug.apk'
[debug] [35m[ADB][39m Getting IDs of all 'io.appium.settings' processes
[debug] [35m[ADB][39m Running '/Users/altamash/.katalon/tools/android_sdk/platform-tools/adb -P 5037 -s emulator-5554 shell 'pgrep --help; echo $?''
[debug] [35m[ADB][39m Running '/Users/altamash/.katalon/tools/android_sdk/platform-tools/adb -P 5037 -s emulator-5554 shell pgrep -f \(\[\[:blank:\]\]\|\^\)io\.appium\.settings\(\[\[:blank:\]\]\|\$\)'
[debug] [35m[AndroidDriver][39m io.appium.settings is already running. There is no need to reset its permissions.
[debug] [35m[Logcat][39m Starting logs capture with command: /Users/altamash/.katalon/tools/android_sdk/platform-tools/adb -P 5037 -s emulator-5554 logcat -v threadtime
[debug] [35m[UiAutomator2][39m Forwarding UiAutomator2 Server port 6790 to local port 8258
[debug] [35m[ADB][39m Forwarding system: 8258 to device: 6790
[debug] [35m[ADB][39m Running '/Users/altamash/.katalon/tools/android_sdk/platform-tools/adb -P 5037 -s emulator-5554 forward tcp:8258 tcp:6790'
[35m[UiAutomator2][39m Server package at '/usr/local/lib/node_modules/appium/node_modules/appium-uiautomator2-server/apks/appium-uiautomator2-server-v4.27.0.apk' is not writeable. Will copy it into the temporary location at '/var/folders/jf/7ft2rffd2_q5km40xb2938w00000gn/T/Katalon/Appium/Temp1680994108374/202339-49237-19mc7cr.263p' as a workaround. Consider making this file writeable manually in order to improve the performance of session startup.
[35m[UiAutomator2][39m Server package at '/usr/local/lib/node_modules/appium/node_modules/appium-uiautomator2-server/apks/appium-uiautomator2-server-debug-androidTest.apk' is not writeable. Will copy it into the temporary location at '/var/folders/jf/7ft2rffd2_q5km40xb2938w00000gn/T/Katalon/Appium/Temp1680994108374/202339-49237-19mc7cr.263p' as a workaround. Consider making this file writeable manually in order to improve the performance of session startup.
[debug] [35m[ADB][39m Getting install status for io.appium.uiautomator2.server
[debug] [35m[ADB][39m Running '/Users/altamash/.katalon/tools/android_sdk/platform-tools/adb -P 5037 -s emulator-5554 shell dumpsys package io.appium.uiautomator2.server'
[debug] [35m[ADB][39m 'io.appium.uiautomator2.server' is installed
[debug] [35m[ADB][39m Getting package info for 'io.appium.uiautomator2.server'
[debug] [35m[ADB][39m Running '/Users/altamash/.katalon/tools/android_sdk/platform-tools/adb -P 5037 -s emulator-5554 shell dumpsys package io.appium.uiautomator2.server'
[debug] [35m[ADB][39m The version name of the installed 'io.appium.uiautomator2.server' is greater or equal to the application version name ('4.27.0' >= '4.27.0')
[debug] [35m[UiAutomator2][39m io.appium.uiautomator2.server installation state: sameVersionInstalled
[debug] [35m[ADB][39m Checking app cert for /var/folders/jf/7ft2rffd2_q5km40xb2938w00000gn/T/Katalon/Appium/Temp1680994108374/202339-49237-19mc7cr.263p/appium-uiautomator2-server-v4.27.0.apk
[35m[ADB][39m Using 'apksigner.jar' from '/Users/altamash/.katalon/tools/android_sdk/build-tools/29.0.3/lib/apksigner.jar'
[debug] [35m[ADB][39m Starting apksigner: '/Applications/Katalon Studio.app/Contents/Eclipse/jre/Contents/Home/bin/java' -Xmx1024M -Xss1m -jar /Users/altamash/.katalon/tools/android_sdk/build-tools/29.0.3/lib/apksigner.jar verify --print-certs /var/folders/jf/7ft2rffd2_q5km40xb2938w00000gn/T/Katalon/Appium/Temp1680994108374/202339-49237-19mc7cr.263p/appium-uiautomator2-server-v4.27.0.apk
[debug] [35m[ADB][39m apksigner stdout: Signer #1 certificate DN: EMAILADDRESS=android@android.com, CN=Android, OU=Android, O=Android, L=Mountain View, ST=California, C=US
[debug] [35m[ADB][39m Signer #1 certificate SHA-256 digest: a40da80a59d170caa950cf15c18c454d47a39b26989d8b640ecd745ba71bf5dc
[debug] [35m[ADB][39m Signer #1 certificate SHA-1 digest: 61ed377e85d386a8dfee6b864bd85b0bfaa5af81
[debug] [35m[ADB][39m Signer #1 certificate MD5 digest: e89b158e4bcf988ebd09eb83f5378e87
[debug] [35m[ADB][39m 
[debug] [35m[ADB][39m sha256 hash did match for 'appium-uiautomator2-server-v4.27.0.apk'
[35m[ADB][39m '/var/folders/jf/7ft2rffd2_q5km40xb2938w00000gn/T/Katalon/Appium/Temp1680994108374/202339-49237-19mc7cr.263p/appium-uiautomator2-server-v4.27.0.apk' is signed with the default certificate
[debug] [35m[ADB][39m Getting install status for io.appium.uiautomator2.server.test
[debug] [35m[ADB][39m Running '/Users/altamash/.katalon/tools/android_sdk/platform-tools/adb -P 5037 -s emulator-5554 shell dumpsys package io.appium.uiautomator2.server.test'
[debug] [35m[ADB][39m 'io.appium.uiautomator2.server.test' is installed
[debug] [35m[ADB][39m Checking app cert for /var/folders/jf/7ft2rffd2_q5km40xb2938w00000gn/T/Katalon/Appium/Temp1680994108374/202339-49237-19mc7cr.263p/appium-uiautomator2-server-debug-androidTest.apk
[debug] [35m[ADB][39m Starting apksigner: '/Applications/Katalon Studio.app/Contents/Eclipse/jre/Contents/Home/bin/java' -Xmx1024M -Xss1m -jar /Users/altamash/.katalon/tools/android_sdk/build-tools/29.0.3/lib/apksigner.jar verify --print-certs /var/folders/jf/7ft2rffd2_q5km40xb2938w00000gn/T/Katalon/Appium/Temp1680994108374/202339-49237-19mc7cr.263p/appium-uiautomator2-server-debug-androidTest.apk
[debug] [35m[ADB][39m apksigner stdout: Signer #1 certificate DN: EMAILADDRESS=android@android.com, CN=Android, OU=Android, O=Android, L=Mountain View, ST=California, C=US
[debug] [35m[ADB][39m Signer #1 certificate SHA-256 digest: a40da80a59d170caa950cf15c18c454d47a39b26989d8b640ecd745ba71bf5dc
[debug] [35m[ADB][39m Signer #1 certificate SHA-1 digest: 61ed377e85d386a8dfee6b864bd85b0bfaa5af81
[debug] [35m[ADB][39m Signer #1 certificate MD5 digest: e89b158e4bcf988ebd09eb83f5378e87
[debug] [35m[ADB][39m 
[debug] [35m[ADB][39m sha256 hash did match for 'appium-uiautomator2-server-debug-androidTest.apk'
[35m[ADB][39m '/var/folders/jf/7ft2rffd2_q5km40xb2938w00000gn/T/Katalon/Appium/Temp1680994108374/202339-49237-19mc7cr.263p/appium-uiautomator2-server-debug-androidTest.apk' is signed with the default certificate
[35m[UiAutomator2][39m Server packages are not going to be (re)installed
[debug] [35m[UiAutomator2][39m Waiting up to 30000ms for services to be available
[debug] [35m[ADB][39m Running '/Users/altamash/.katalon/tools/android_sdk/platform-tools/adb -P 5037 -s emulator-5554 shell pm list instrumentation'
[debug] [35m[UiAutomator2][39m Instrumentation target 'io.appium.uiautomator2.server.test/androidx.test.runner.AndroidJUnitRunner' is available
[35m[ADB][39m Adding packages ["io.appium.settings","io.appium.uiautomator2.server","io.appium.uiautomator2.server.test"] to Doze whitelist
[debug] [35m[ADB][39m Got the following command chunks to execute: [["dumpsys","deviceidle","whitelist","+io.appium.settings",";","dumpsys","deviceidle","whitelist","+io.appium.uiautomator2.server",";","dumpsys","deviceidle","whitelist","+io.appium.uiautomator2.server.test",";"]]
[debug] [35m[ADB][39m Running '/Users/altamash/.katalon/tools/android_sdk/platform-tools/adb -P 5037 -s emulator-5554 shell dumpsys deviceidle whitelist +io.appium.settings ; dumpsys deviceidle whitelist +io.appium.uiautomator2.server ; dumpsys deviceidle whitelist +io.appium.uiautomator2.server.test ;'
[debug] [35m[UiAutomator2][39m No app capability. Assuming it is already on the device
[debug] [35m[ADB][39m Getting install status for com.android.settings
[debug] [35m[ADB][39m Running '/Users/altamash/.katalon/tools/android_sdk/platform-tools/adb -P 5037 -s emulator-5554 shell dumpsys package com.android.settings'
[debug] [35m[ADB][39m 'com.android.settings' is installed
[debug] [35m[ADB][39m Running '/Users/altamash/.katalon/tools/android_sdk/platform-tools/adb -P 5037 -s emulator-5554 shell am force-stop com.android.settings'
[debug] [35m[ADB][39m Running '/Users/altamash/.katalon/tools/android_sdk/platform-tools/adb -P 5037 -s emulator-5554 shell pm clear com.android.settings'
[debug] [35m[ADB][39m Running '/Users/altamash/.katalon/tools/android_sdk/platform-tools/adb -P 5037 -s emulator-5554 shell dumpsys package com.android.settings'
[debug] [35m[ADB][39m Retrieving requested permissions
[debug] [35m[ADB][39m Retrieved 105 permissions from requested group
[debug] [35m[ADB][39m Retrieving granted permissions
[debug] [35m[ADB][39m Retrieved 150 permissions from install,runtime groups
[debug] [35m[ADB][39m Granting permissions ["android.launcher.permission.READ_SETTINGS","android.launcher.permission.WRITE_SETTINGS"] to 'com.android.settings'
[debug] [35m[ADB][39m Got the following command chunks to execute: [["pm","grant","com.android.settings","android.launcher.permission.READ_SETTINGS",";","pm","grant","com.android.settings","android.launcher.permission.WRITE_SETTINGS",";"]]
[debug] [35m[ADB][39m Running '/Users/altamash/.katalon/tools/android_sdk/platform-tools/adb -P 5037 -s emulator-5554 shell pm grant com.android.settings android.launcher.permission.READ_SETTINGS ; pm grant com.android.settings android.launcher.permission.WRITE_SETTINGS ;'
[debug] [35m[AndroidDriver][39m Performed fast reset on the installed 'com.android.settings' application (stop and clear)
[debug] [35m[UiAutomator2][39m Performing shallow cleanup of automation leftovers
[debug] [35m[UiAutomator2][39m The following obsolete sessions are still running: ["d7a0fc4b-d4d5-4806-bc16-4845d35176e2"]
[debug] [35m[UiAutomator2][39m Cleaning up 1 obsolete session
[debug] [35m[ADB][39m Running '/Users/altamash/.katalon/tools/android_sdk/platform-tools/adb -P 5037 -s emulator-5554 shell am force-stop io.appium.uiautomator2.server.test'
[35m[UiAutomator2][39m Starting UIAutomator2 server 4.27.0
[35m[UiAutomator2][39m Using UIAutomator2 server from '/usr/local/lib/node_modules/appium/node_modules/appium-uiautomator2-server/apks/appium-uiautomator2-server-v4.27.0.apk' and test from '/usr/local/lib/node_modules/appium/node_modules/appium-uiautomator2-server/apks/appium-uiautomator2-server-debug-androidTest.apk'
[35m[UiAutomator2][39m Waiting up to 30000ms for UiAutomator2 to be online...
[debug] [35m[ADB][39m Creating ADB subprocess with args: ["-P",5037,"-s","emulator-5554","shell","am","instrument","-w","-e","disableAnalytics",true,"io.appium.uiautomator2.server.test/androidx.test.runner.AndroidJUnitRunner"]
[debug] [35m[WD Proxy][39m Matched '/status' to command name 'getStatus'
[debug] [35m[WD Proxy][39m Proxying [GET /status] to [GET http://127.0.0.1:8258/wd/hub/status] with no body
[35m[WD Proxy][39m socket hang up
[debug] [35m[Instrumentation][39m io.appium.uiautomator2.server.test.AppiumUiAutomator2Server:
[debug] [35m[WD Proxy][39m Matched '/status' to command name 'getStatus'
[debug] [35m[WD Proxy][39m Proxying [GET /status] to [GET http://127.0.0.1:8258/wd/hub/status] with no body
[35m[WD Proxy][39m socket hang up
[debug] [35m[WD Proxy][39m Matched '/status' to command name 'getStatus'
[debug] [35m[WD Proxy][39m Proxying [GET /status] to [GET http://127.0.0.1:8258/wd/hub/status] with no body
[debug] [35m[WD Proxy][39m Got response with status 200: {"sessionId":"None","value":{"message":"UiAutomator2 Server is ready to accept commands","ready":true}}
[debug] [35m[UiAutomator2][39m The initialization of the instrumentation process took 2055ms
[debug] [35m[WD Proxy][39m Matched '/session' to command name 'createSession'
[debug] [35m[WD Proxy][39m Proxying [POST /session] to [POST http://127.0.0.1:8258/wd/hub/session] with body: {"capabilities":{"firstMatch":[{"platform":"ANDROID","webStorageEnabled":false,"takesScreenshot":true,"javascriptEnabled":true,"databaseEnabled":false,"networkConnectionEnabled":true,"locationContextEnabled":false,"warnings":{},"desired":{"platformName":"android","platform":"ANDROID","chromedriverPort":53660,"appActivity":".Settings","appPackage":"com.android.settings","autoGrantPermissions":true,"automationName":"uiautomator2","deviceName":"emulator-5554 (sdk_gphone64_arm64 - Android 12)","newCommandTimeout":1800,"platformVersion":"12","systemPort":8258,"udid":"emulator-5554"},"platformName":"android","chromedriverPort":53660,"appActivity":".Settings","appPackage":"com.android.settings","autoGrantPermissions":true,"automationName":"uiautomator2","deviceName":"emulator-5554","newCommandTimeout":1800,"platformVersion":"12","systemPort":8258,"udid":"emulator-5554","deviceUDID":"emulator-5554"}],"alwaysMatch":{}}}
[debug] [35m[WD Proxy][39m Got response with status 200: {"sessionId":"00092ade-3bd3-44d0-8463-ce57c752fd22","value":{"capabilities":{"firstMatch":[{"platform":"ANDROID","webStorageEnabled":false,"takesScreenshot":true,"javascriptEnabled":true,"databaseEnabled":false,"networkConnectionEnabled":true,"locationContextEnabled":false,"warnings":{},"desired":{"platformName":"android","platform":"ANDROID","chromedriverPort":53660,"appActivity":".Settings","appPackage":"com.android.settings","autoGrantPermissions":true,"automationName":"uiautomator2","deviceName":"emulator-5554 (sdk_gphone64_arm64 - Android 12)","newCommandTimeout":1800,"platformVersion":"12","systemPort":8258,"udid":"emulator-5554"},"platformName":"android","chromedriverPort":53660,"appActivity":".Settings","appPackage":"com.android.settings","autoGrantPermissions":true,"automationName":"uiautomator2","deviceName":"emulator-5554","newCommandTimeout":1800,"platformVersion":"12","systemPort":8258,"udid":"emulator-5554","deviceUDID":"emulator-5554"}],"alwaysMatch":{}},"sessionId":"00092ade-3bd3-44d0-8463-...
[35m[WD Proxy][39m Determined the downstream protocol as 'W3C'
[debug] [35m[WD Proxy][39m Proxying [GET /appium/device/info] to [GET http://127.0.0.1:8258/wd/hub/session/00092ade-3bd3-44d0-8463-ce57c752fd22/appium/device/info] with no body
[debug] [35m[WD Proxy][39m Got response with status 200: {"sessionId":"00092ade-3bd3-44d0-8463-ce57c752fd22","value":{"androidId":"f48f8b65099a8cfd","apiVersion":"32","bluetooth":{"state":"ON"},"brand":"google","carrierName":"T-Mobile","displayDensity":560,"locale":"en_US","manufacturer":"Google","model":"sdk_gphone64_arm64","networks":[{"capabilities":{"SSID":null,"linkDownBandwidthKbps":30000,"linkUpstreamBandwidthKbps":12000,"networkCapabilities":"NET_CAPABILITY_NOT_METERED,NET_CAPABILITY_INTERNET,NET_CAPABILITY_NOT_RESTRICTED,NET_CAPABILITY_TRUSTED,NET_CAPABILITY_NOT_VPN,NET_CAPABILITY_VALIDATED,NET_CAPABILITY_NOT_ROAMING,NET_CAPABILITY_FOREGROUND,NET_CAPABILITY_NOT_CONGESTED,NET_CAPABILITY_NOT_SUSPENDED","signalStrength":-50,"transportTypes":"TRANSPORT_WIFI"},"detailedState":"CONNECTED","extraInfo":"","isAvailable":true,"isConnected":true,"isFailover":false,"isRoaming":false,"state":"CONNECTED","subtype":-1,"subtypeName":"","type":1,"typeName":"WIFI"},{"capabilities":{"SSID":null,"linkDownBandwidthKbps":4300,"linkUpstreamBandwidthKbps":1800,"networkCapabili...
[debug] [35m[ADB][39m Running '/Users/altamash/.katalon/tools/android_sdk/platform-tools/adb -P 5037 -s emulator-5554 shell dumpsys window'
[35m[AndroidDriver][39m Screen already unlocked, doing nothing
[35m[UiAutomator2][39m Starting 'com.android.settings/.Settings and waiting for 'com.android.settings/.Settings'
[debug] [35m[ADB][39m Running '/Users/altamash/.katalon/tools/android_sdk/platform-tools/adb -P 5037 -s emulator-5554 shell am start -W -n com.android.settings/.Settings -S -a android.intent.action.MAIN -c android.intent.category.LAUNCHER -f 0x10200000'
[debug] [35m[WD Proxy][39m Proxying [GET /appium/device/pixel_ratio] to [GET http://127.0.0.1:8258/wd/hub/session/00092ade-3bd3-44d0-8463-ce57c752fd22/appium/device/pixel_ratio] with no body
[debug] [35m[WD Proxy][39m Got response with status 200: {"sessionId":"00092ade-3bd3-44d0-8463-ce57c752fd22","value":3.5}
[debug] [35m[WD Proxy][39m Matched '/appium/device/system_bars' to command name 'getSystemBars'
[debug] [35m[WD Proxy][39m Proxying [GET /appium/device/system_bars] to [GET http://127.0.0.1:8258/wd/hub/session/00092ade-3bd3-44d0-8463-ce57c752fd22/appium/device/system_bars] with no body
[debug] [35m[WD Proxy][39m Got response with status 200: {"sessionId":"00092ade-3bd3-44d0-8463-ce57c752fd22","value":{"statusBar":84}}
[debug] [35m[WD Proxy][39m Matched '/window/current/size' to command name 'getWindowSize'
[debug] [35m[WD Proxy][39m Proxying [GET /window/current/size] to [GET http://127.0.0.1:8258/wd/hub/session/00092ade-3bd3-44d0-8463-ce57c752fd22/window/current/size] with no body
[debug] [35m[WD Proxy][39m Got response with status 200: {"sessionId":"00092ade-3bd3-44d0-8463-ce57c752fd22","value":{"height":2504,"width":1440}}
[35m[Appium][39m New AndroidUiautomator2Driver session created successfully, session 909d1433-f16b-40b6-940e-9704f12beef1 added to master session list
[debug] [35m[BaseDriver][39m Event 'newSessionStarted' logged at 1680994120028 (04:18:40 GMT+0530 (India Standard Time))
[debug] [35m[W3C (909d1433)][39m Cached the protocol value 'W3C' for the new session 909d1433-f16b-40b6-940e-9704f12beef1
[debug] [35m[W3C (909d1433)][39m Responding to client with driver.createSession() result: {"capabilities":{"platform":"ANDROID","webStorageEnabled":false,"takesScreenshot":true,"javascriptEnabled":true,"databaseEnabled":false,"networkConnectionEnabled":true,"locationContextEnabled":false,"warnings":{},"desired":{"platformName":"android","platform":"ANDROID","chromedriverPort":53660,"appActivity":".Settings","appPackage":"com.android.settings","autoGrantPermissions":true,"automationName":"uiautomator2","deviceName":"emulator-5554 (sdk_gphone64_arm64 - Android 12)","newCommandTimeout":1800,"platformVersion":"12","systemPort":8258,"udid":"emulator-5554"},"platformName":"android","chromedriverPort":53660,"appActivity":".Settings","appPackage":"com.android.settings","autoGrantPermissions":true,"automationName":"uiautomator2","deviceName":"emulator-5554","newCommandTimeout":1800,"platformVersion":"12","systemPort":8258,"udid":"emulator-5554","deviceUDID":"emulator-5554","deviceApiLevel":32,"deviceScreenSize":"1440x2560","deviceScreenDensity":560,"deviceModel":"sdk_gphone64_arm64","deviceManufacturer"...
[35m[HTTP][39m [37m<-- POST /wd/hub/session [39m[32m200[39m [90m9635 ms - 1191[39m
[35m[HTTP][39m [90m[39m
[35m[HTTP][39m [37m-->[39m [37mGET[39m [37m/wd/hub/session/909d1433-f16b-40b6-940e-9704f12beef1[39m
[35m[HTTP][39m [90m{}[39m
[debug] [35m[W3C (909d1433)][39m Calling AppiumDriver.getSession() with args: ["909d1433-f16b-40b6-940e-9704f12beef1"]
[debug] [35m[UiAutomator2][39m Getting session details from server to mix in
[debug] [35m[WD Proxy][39m Matched '/' to command name 'getSession'
[debug] [35m[WD Proxy][39m Proxying [GET /] to [GET http://127.0.0.1:8258/wd/hub/session/00092ade-3bd3-44d0-8463-ce57c752fd22] with no body
[debug] [35m[WD Proxy][39m Got response with status 200: {"sessionId":"00092ade-3bd3-44d0-8463-ce57c752fd22","value":{"lastScrollData":null}}
[debug] [35m[W3C (909d1433)][39m Responding to client with driver.getSession() result: {"platform":"ANDROID","webStorageEnabled":false,"takesScreenshot":true,"javascriptEnabled":true,"databaseEnabled":false,"networkConnectionEnabled":true,"locationContextEnabled":false,"warnings":{},"desired":{"platformName":"android","platform":"ANDROID","chromedriverPort":53660,"appActivity":".Settings","appPackage":"com.android.settings","autoGrantPermissions":true,"automationName":"uiautomator2","deviceName":"emulator-5554 (sdk_gphone64_arm64 - Android 12)","newCommandTimeout":1800,"platformVersion":"12","systemPort":8258,"udid":"emulator-5554"},"platformName":"android","chromedriverPort":53660,"appActivity":".Settings","appPackage":"com.android.settings","autoGrantPermissions":true,"automationName":"uiautomator2","deviceName":"emulator-5554","newCommandTimeout":1800,"platformVersion":"12","systemPort":8258,"udid":"emulator-5554","deviceUDID":"emulator-5554","deviceApiLevel":32,"deviceScreenSize":"1440x2560","deviceScreenDensity":560,"deviceModel":"sdk_gphone64_arm64","deviceManufacturer":"Google","pixel...
[35m[HTTP][39m [37m<-- GET /wd/hub/session/909d1433-f16b-40b6-940e-9704f12beef1 [39m[32m200[39m [90m18 ms - 1145[39m
[35m[HTTP][39m [90m[39m
[35m[HTTP][39m [37m-->[39m [37mGET[39m [37m/wd/hub/session/909d1433-f16b-40b6-940e-9704f12beef1[39m
[35m[HTTP][39m [90m{}[39m
[debug] [35m[W3C (909d1433)][39m Calling AppiumDriver.getSession() with args: ["909d1433-f16b-40b6-940e-9704f12beef1"]
[debug] [35m[UiAutomator2][39m Getting session details from server to mix in
[debug] [35m[WD Proxy][39m Matched '/' to command name 'getSession'
[debug] [35m[WD Proxy][39m Proxying [GET /] to [GET http://127.0.0.1:8258/wd/hub/session/00092ade-3bd3-44d0-8463-ce57c752fd22] with no body
[debug] [35m[WD Proxy][39m Got response with status 200: {"sessionId":"00092ade-3bd3-44d0-8463-ce57c752fd22","value":{"lastScrollData":null}}
[debug] [35m[W3C (909d1433)][39m Responding to client with driver.getSession() result: {"platform":"ANDROID","webStorageEnabled":false,"takesScreenshot":true,"javascriptEnabled":true,"databaseEnabled":false,"networkConnectionEnabled":true,"locationContextEnabled":false,"warnings":{},"desired":{"platformName":"android","platform":"ANDROID","chromedriverPort":53660,"appActivity":".Settings","appPackage":"com.android.settings","autoGrantPermissions":true,"automationName":"uiautomator2","deviceName":"emulator-5554 (sdk_gphone64_arm64 - Android 12)","newCommandTimeout":1800,"platformVersion":"12","systemPort":8258,"udid":"emulator-5554"},"platformName":"android","chromedriverPort":53660,"appActivity":".Settings","appPackage":"com.android.settings","autoGrantPermissions":true,"automationName":"uiautomator2","deviceName":"emulator-5554","newCommandTimeout":1800,"platformVersion":"12","systemPort":8258,"udid":"emulator-5554","deviceUDID":"emulator-5554","deviceApiLevel":32,"deviceScreenSize":"1440x2560","deviceScreenDensity":560,"deviceModel":"sdk_gphone64_arm64","deviceManufacturer":"Google","pixel...
[35m[HTTP][39m [37m<-- GET /wd/hub/session/909d1433-f16b-40b6-940e-9704f12beef1 [39m[32m200[39m [90m33 ms - 1145[39m
[35m[HTTP][39m [90m[39m
[35m[HTTP][39m [37m-->[39m [37mGET[39m [37m/wd/hub/status[39m
[35m[HTTP][39m [90m{}[39m
[debug] [35m[GENERIC][39m Calling AppiumDriver.getStatus() with args: []
[debug] [35m[GENERIC][39m Responding to client with driver.getStatus() result: {"build":{"version":"1.22.3"}}
[35m[HTTP][39m [37m<-- GET /wd/hub/status [39m[32m200[39m [90m1 ms - 68[39m
[35m[HTTP][39m [90m[39m
[35m[HTTP][39m [37m-->[39m [37mPOST[39m [37m/wd/hub/session/909d1433-f16b-40b6-940e-9704f12beef1/timeouts[39m
[35m[HTTP][39m [90m{"implicit":60000}[39m
[debug] [35m[W3C (909d1433)][39m Calling AppiumDriver.timeouts() with args: [null,null,null,null,60000,"909d1433-f16b-40b6-940e-9704f12beef1"]
[debug] [35m[BaseDriver][39m W3C timeout argument: {"implicit":60000}}
[debug] [35m[BaseDriver][39m Set implicit wait to 60000ms
[debug] [35m[W3C (909d1433)][39m Responding to client with driver.timeouts() result: null
[35m[HTTP][39m [37m<-- POST /wd/hub/session/909d1433-f16b-40b6-940e-9704f12beef1/timeouts [39m[32m200[39m [90m2 ms - 14[39m
[35m[HTTP][39m [90m[39m
[35m[HTTP][39m [37m-->[39m [37mGET[39m [37m/wd/hub/session/909d1433-f16b-40b6-940e-9704f12beef1/screenshot[39m
[35m[HTTP][39m [90m{}[39m
[debug] [35m[W3C (909d1433)][39m Calling AppiumDriver.getScreenshot() with args: ["909d1433-f16b-40b6-940e-9704f12beef1"]
[debug] [35m[WD Proxy][39m Matched '/screenshot' to command name 'getScreenshot'
[debug] [35m[WD Proxy][39m Proxying [GET /screenshot] to [GET http://127.0.0.1:8258/wd/hub/session/00092ade-3bd3-44d0-8463-ce57c752fd22/screenshot] with no body
[debug] [35m[WD Proxy][39m Got response with status 200: {"sessionId":"00092ade-3bd3-44d0-8463-ce57c752fd22","value":"iVBORw0KGgoAAAANSUhEUgAABaAAAAoACAYAAABH9IXPAAAAAXNSR0IArs4c6QAAAARzQklUCAgI\nCHwIZIgAACAASURBVHic7N13mJXlnfDx35nCFHpHUAFBASWCHUHF2GLBqFGiu9FEo+C7qZtsNpti\notnsm5gY1+ymbDZFs5v42tDEig0UFAtYAaXIIFVBYGjT23n/cJ11pA0z55kzA5/PdeVKzsM59/1j\ngpp855n7SW3bUpYOAAAAAADIsJxsDwAAAAAAwL5JgAYAAAAAIBECNAAAAAAAiRCgAQAAAABIhAAN\nAAAAAEAiBGgAAAAAABIhQAMAAAAAkAgBGgAAAACARAjQAAAAAAAkQoAGAAAAACARAjQAAAAAAIkQ\noAEAAAAASIQADQAAAABAIgRoAAAAAAASIUADAAAAAJCIvGwPABERW7dujQULF8Trr78Wa9asicrK\nyl2+t3v37jF48OA45phj47BDD43CwqJIpVJtOC0AAAAA0BypbVvK0tkegv1POp2OioqKuPOuO2LJ\n0iVRU10T6fTe/1FMpVLRuXPnGDduXJx37qTIyXFTPwAAAAC0FwI0bW7Tpk1x409/HLU1tS2KzruS\nSqWiX79+8Q9f/0YUFBRkbF0AAAAAoGUEaNpMWVlZ/OSnN8b27dszGp4/Kjc3J27+2S2O5QAAAID9\nyNatW6O0tDTKysuiorwiKqsqo6a6OjoVFERxUVEUFRdHl85dolevXtG9e/dsj9vulJaWRq9evbI9\nRjz66PRmv/f4409oFzOze86AJnHpdDoeevjBmDFjRqLh+QP19Q3x1ltvxWGHHZb4XgAAAEDb2759\neyxevCgWL1kca9asiU2bNkZtbV2zP5+fnxe9e/eJAw88MEaOGBkjR46Krl27Jjhx+zb7mdmxcePG\n+NRFn8r2KDF9LwL08OGHCtAd...
[debug] [35m[W3C (909d1433)][39m Responding to client with driver.getScreenshot() result: "iVBORw0KGgoAAAANSUhEUgAABaAAAAoACAYAAABH9IXPAAAAAXNSR0IArs4c6QAAAARzQklUCAgI\nCHwIZIgAACAASURBVHic7N13mJXlnfDx35nCFHpHUAFBASWCHUHF2GLBqFGiu9FEo+C7qZtsNpti\notnsm5gY1+ymbDZFs5v42tDEig0UFAtYAaXIIFVBYGjT23n/cJ11pA0z55kzA5/PdeVKzsM59/1j\ngpp855n7SW3bUpYOAAAAAADIsJxsDwAAAAAAwL5JgAYAAAAAIBECNAAAAAAAiRCgAQAAAABIhAAN\nAAAAAEAiBGgAAAAAABIhQAMAAAAAkAgBGgAAAACARAjQAAAAAAAkQoAGAAAAACARAjQAAAAAAIkQ\noAEAAAAASIQADQAAAABAIgRoAAAAAAASIUADAAAAAJCIvGwPABERW7dujQULF8Trr78Wa9asicrK\nyl2+t3v37jF48OA45phj47BDD43CwqJIpVJtOC0AAAAA0BypbVvK0tkegv1POp2OioqKuPOuO2LJ\n0iVRU10T6fTe/1FMpVLRuXPnGDduXJx37qTIyXFTPwAAAAC0FwI0bW7Tpk1x409/HLU1tS2KzruS\nSqWiX79+8Q9f/0YUFBRkbF0AAAAAoGUEaNpMWVlZ/OSnN8b27dszGp4/Kjc3J27+2S2O5QAAAID9\nyNatW6O0tDTKysuiorwiKqsqo6a6OjoVFERxUVEUFRdHl85dolevXtG9e/dsj9vulJaWRq9evbI9\nRjz66PRmv/f4409oFzOze86AJnHpdDoeevjBmDFjRqLh+QP19Q3x1ltvxWGHHZb4XgAAAEDb2759\neyxevCgWL1kca9asiU2bNkZtbV2zP5+fnxe9e/eJAw88MEaOGBkjR46Krl27Jjhx+zb7mdmxcePG\n+NRFn8r2KDF9LwL08OGHCtAdgABNoqqqquInP70xSktL23Tf/3fH7XH9929wFzQAAADsA2pra6Ok\npCQWLV...
[35m[HTTP][39m [37m<-- GET /wd/hub/session/909d1433-f16b-40b6-940e-9704f12beef1/screenshot [39m[32m200[39m [90m552 ms - 235806[39m
[35m[HTTP][39m [90m[39m
[35m[HTTP][39m [37m-->[39m [37mGET[39m [37m/wd/hub/session/909d1433-f16b-40b6-940e-9704f12beef1/window/rect[39m
[35m[HTTP][39m [90m{}[39m
[debug] [35m[W3C (909d1433)][39m Calling AppiumDriver.getWindowRect() with args: ["909d1433-f16b-40b6-940e-9704f12beef1"]
[debug] [35m[WD Proxy][39m Matched '/window/current/size' to command name 'getWindowSize'
[debug] [35m[WD Proxy][39m Proxying [GET /window/current/size] to [GET http://127.0.0.1:8258/wd/hub/session/00092ade-3bd3-44d0-8463-ce57c752fd22/window/current/size] with no body
[debug] [35m[WD Proxy][39m Got response with status 200: {"sessionId":"00092ade-3bd3-44d0-8463-ce57c752fd22","value":{"height":2504,"width":1440}}
[debug] [35m[W3C (909d1433)][39m Responding to client with driver.getWindowRect() result: {"width":1440,"height":2504,"x":0,"y":0}
[35m[HTTP][39m [37m<-- GET /wd/hub/session/909d1433-f16b-40b6-940e-9704f12beef1/window/rect [39m[32m200[39m [90m11 ms - 50[39m
[35m[HTTP][39m [90m[39m
[35m[HTTP][39m [37m-->[39m [37mGET[39m [37m/wd/hub/session/909d1433-f16b-40b6-940e-9704f12beef1/appium/device/system_bars[39m
[35m[HTTP][39m [90m{}[39m
[debug] [35m[W3C (909d1433)][39m Calling AppiumDriver.getSystemBars() with args: ["909d1433-f16b-40b6-940e-9704f12beef1"]
[debug] [35m[ADB][39m Running '/Users/altamash/.katalon/tools/android_sdk/platform-tools/adb -P 5037 -s emulator-5554 shell dumpsys window windows'
[debug] [35m[W3C (909d1433)][39m Responding to client with driver.getSystemBars() result: {"statusBar":{"visible":true,"x":0,"y":0,"width":null,"height":1},"navigationBar":{"visible":true,"x":0,"y":0,"width":null,"height":1}}
[35m[HTTP][39m [37m<-- GET /wd/hub/session/909d1433-f16b-40b6-940e-9704f12beef1/appium/device/system_bars [39m[32m200[39m [90m77 ms - 145[39m
[35m[HTTP][39m [90m[39m
[35m[HTTP][39m [37m-->[39m [37mPOST[39m [37m/wd/hub/session/909d1433-f16b-40b6-940e-9704f12beef1/appium/device/activate_app[39m
[35m[HTTP][39m [90m{"bundleId":"com.semaai.toko.staging"}[39m
[debug] [35m[W3C (909d1433)][39m Calling AppiumDriver.activateApp() with args: ["com.semaai.toko.staging",null,null,null,"909d1433-f16b-40b6-940e-9704f12beef1"]
[debug] [35m[AndroidDriver][39m Activating 'com.semaai.toko.staging' with 'adb shell monkey -p com.semaai.toko.staging -c android.intent.category.LAUNCHER 1' command
[debug] [35m[ADB][39m Running '/Users/altamash/.katalon/tools/android_sdk/platform-tools/adb -P 5037 -s emulator-5554 shell monkey -p com.semaai.toko.staging -c android.intent.category.LAUNCHER 1'
[debug] [35m[AndroidDriver][39m Command stdout: bash arg: -p
[debug] [35m[AndroidDriver][39m   bash arg: com.semaai.toko.staging
[debug] [35m[AndroidDriver][39m   bash arg: -c
[debug] [35m[AndroidDriver][39m   bash arg: android.intent.category.LAUNCHER
[debug] [35m[AndroidDriver][39m   bash arg: 1
[debug] [35m[AndroidDriver][39m Events injected: 1
[debug] [35m[AndroidDriver][39m ## Network stats: elapsed time=54ms (0ms mobile, 0ms wifi, 54ms not connected)
[debug] [35m[W3C (909d1433)][39m Responding to client with driver.activateApp() result: null
[35m[HTTP][39m [37m<-- POST /wd/hub/session/909d1433-f16b-40b6-940e-9704f12beef1/appium/device/activate_app [39m[32m200[39m [90m591 ms - 14[39m
[35m[HTTP][39m [90m[39m
[35m[HTTP][39m [37m-->[39m [37mGET[39m [37m/wd/hub/session/909d1433-f16b-40b6-940e-9704f12beef1/source[39m
[35m[HTTP][39m [90m{}[39m
[35m[W3C (909d1433)][39m Driver proxy active, passing request on via HTTP proxy
[debug] [35m[WD Proxy][39m Matched '/wd/hub/session/909d1433-f16b-40b6-940e-9704f12beef1/source' to command name 'getPageSource'
[debug] [35m[WD Proxy][39m Proxying [GET /wd/hub/session/909d1433-f16b-40b6-940e-9704f12beef1/source] to [GET http://127.0.0.1:8258/wd/hub/session/00092ade-3bd3-44d0-8463-ce57c752fd22/source] with no body
[debug] [35m[WD Proxy][39m Got response with status 200: {"sessionId":"00092ade-3bd3-44d0-8463-ce57c752fd22","value":"<?xml version='1.0' encoding='UTF-8' standalone='yes' ?>\r\n<hierarchy index=\"0\" class=\"hierarchy\" rotation=\"0\" width=\"1440\" height=\"2504\">\r\n  <android.widget.FrameLayout index=\"0\" package=\"com.semaai.toko.staging\" class=\"android.widget.FrameLayout\" text=\"\" checkable=\"false\" checked=\"false\" clickable=\"false\" enabled=\"true\" focusable=\"false\" focused=\"false\" long-clickable=\"false\" password=\"false\" scrollable=\"false\" selected=\"false\" bounds=\"[0,0][1440,2504]\" displayed=\"true\">\r\n    <android.widget.LinearLayout index=\"0\" package=\"com.semaai.toko.staging\" class=\"android.widget.LinearLayout\" text=\"\" checkable=\"false\" checked=\"false\" clickable=\"false\" enabled=\"true\" focusable=\"false\" focused=\"false\" long-clickable=\"false\" password=\"false\" scrollable=\"false\" selected=\"false\" bounds=\"[0,0][1440,2504]\" displayed=\"true\">\r\n      <android.widget.FrameLayout index=\"0\" package=\"c...
[35m[WD Proxy][39m Replacing sessionId 00092ade-3bd3-44d0-8463-ce57c752fd22 with 909d1433-f16b-40b6-940e-9704f12beef1
[35m[HTTP][39m [37m<-- GET /wd/hub/session/909d1433-f16b-40b6-940e-9704f12beef1/source [39m[32m200[39m [90m608 ms - 7698[39m
[35m[HTTP][39m [90m[39m
[35m[HTTP][39m [37m-->[39m [37mGET[39m [37m/wd/hub/session/909d1433-f16b-40b6-940e-9704f12beef1/screenshot[39m
[35m[HTTP][39m [90m{}[39m
[debug] [35m[W3C (909d1433)][39m Calling AppiumDriver.getScreenshot() with args: ["909d1433-f16b-40b6-940e-9704f12beef1"]
[debug] [35m[WD Proxy][39m Matched '/screenshot' to command name 'getScreenshot'
[debug] [35m[WD Proxy][39m Proxying [GET /screenshot] to [GET http://127.0.0.1:8258/wd/hub/session/00092ade-3bd3-44d0-8463-ce57c752fd22/screenshot] with no body
[debug] [35m[WD Proxy][39m Got response with status 200: {"sessionId":"00092ade-3bd3-44d0-8463-ce57c752fd22","value":"iVBORw0KGgoAAAANSUhEUgAABaAAAAoACAYAAABH9IXPAAAAAXNSR0IArs4c6QAAAARzQklUCAgI\nCHwIZIgAACAASURBVHic7N15dNX1nf/x173Z95sEEggkkEAgLIIWZJFdEKgjbm1doJ2emTPqqW2t\nrdOOtv7a35w6jrVHbXsQi/Voe8YBxurgVi0qyiYguywBQwhLQiAhIfuee7+/PzjJj5Dk7t+7JM/H\nOR7Pvd/v/Xzf3y/ffJP7up/7/loefPBBQwAAAAAAAAAA+Jk12AUAAAAAAAAAAAYmAmgAAAAAAAAA\ngCkIoAEAAAAAAAAApiCABgAAAAAAAACYggAaAAAAAAAAAGAKAmgAAAAAAAAAgCkIoAEAAAAAAAAA\npiCABgAAAAAAAACYggAaAAAAAAAAAGAKAmgAAAAAAAAAgCkIoAEAAAAAAAAApiCABgAAAAAAAACY\nggAaAAAAAAAAAGAKAmgAAAAAAAAAgCkIoAEAAAAAAAAApogMdgGAxWJRSkqKpk6dqhtuuEE5OTmK\ni4uTxWKRYRiyWCzd6xqGobq6OpWUlGjv3r366quv1NLSIsMwgrgHAAAAAAAAAPpiefDBB0nuEHAW\ni0UJCQlatWqVJk6cqJiYmO7nPWEYhhobG7Vz5069/fbbcjgcZpQLAAAAAAAAwAsE0Ai4IUOG6Je/\n/KWio6M9Dpz70zUDuqKiQk8//bTa2tr8Mi4AAAAAAAAA7xFAI2CSkpL05JNPKiUlxW/Bc18cDoce\nfvhh2nIAAAAAADCI2Gw2paenKzExUQkJCYqLi1NMTIza2trU3Nys5uZmNTY2qrq6WrW1tcEuN+Sk\np6eruro62GXotttuc3vdXbt2hUTNcI4e0DCdxWLRnXfeqWXLlpkaPF+9vfHjx+vEiROmbwsAAAAA\nAARecnKyJk6cqIkTJyonJ0dD...
[debug] [35m[W3C (909d1433)][39m Responding to client with driver.getScreenshot() result: "iVBORw0KGgoAAAANSUhEUgAABaAAAAoACAYAAABH9IXPAAAAAXNSR0IArs4c6QAAAARzQklUCAgI\nCHwIZIgAACAASURBVHic7N15dNX1nf/x173Z95sEEggkkEAgLIIWZJFdEKgjbm1doJ2emTPqqW2t\nrdOOtv7a35w6jrVHbXsQi/Voe8YBxurgVi0qyiYguywBQwhLQiAhIfuee7+/PzjJj5Dk7t+7JM/H\nOR7Pvd/v/Xzf3y/ffJP7up/7/loefPBBQwAAAAAAAAAA+Jk12AUAAAAAAAAAAAYmAmgAAAAAAAAA\ngCkIoAEAAAAAAAAApiCABgAAAAAAAACYggAaAAAAAAAAAGAKAmgAAAAAAAAAgCkIoAEAAAAAAAAA\npiCABgAAAAAAAACYggAaAAAAAAAAAGAKAmgAAAAAAAAAgCkIoAEAAAAAAAAApiCABgAAAAAAAACY\nggAaAAAAAAAAAGAKAmgAAAAAAAAAgCkIoAEAAAAAAAAApogMdgGAxWJRSkqKpk6dqhtuuEE5OTmK\ni4uTxWKRYRiyWCzd6xqGobq6OpWUlGjv3r366quv1NLSIsMwgrgHAAAAAAAAAPpiefDBB0nuEHAW\ni0UJCQlatWqVJk6cqJiYmO7nPWEYhhobG7Vz5069/fbbcjgcZpQLAAAAAAAAwAsE0Ai4IUOG6Je/\n/KWio6M9Dpz70zUDuqKiQk8//bTa2tr8Mi4AAAAAAAAA7xFAI2CSkpL05JNPKiUlxW/Bc18cDoce\nfvhh2nIAAAAAADCI2Gw2paenKzExUQkJCYqLi1NMTIza2trU3Nys5uZmNTY2qrq6WrW1tcEuN+Sk\np6eruro62GXotttuc3vdXbt2hUTNcI4e0DCdxWLRnXfeqWXLlpkaPF+9vfHjx+vEiROmbwsAAAAA\nAARecnKyJk6cqIkTJyonJ0dDhgxRVFSU26/v6OhQVVWVzp07p8LCQhUWFqq+vt7EikPbokWLNHTo\nUL3xxh...
[35m[HTTP][39m [37m<-- GET /wd/hub/session/909d1433-f16b-40b6-940e-9704f12beef1/screenshot [39m[32m200[39m [90m445 ms - 231344[39m
[35m[HTTP][39m [90m[39m
[35m[HTTP][39m [37m-->[39m [37mPOST[39m [37m/wd/hub/session/909d1433-f16b-40b6-940e-9704f12beef1/elements[39m
[35m[HTTP][39m [90m{"using":"xpath","value":"//*[@class = 'android.widget.ImageView' and @resource-id = 'com.semaai.toko.staging:id/iv_bottom_sheet_dismiss' and (@text = '' or . = '')]"}[39m
[debug] [35m[W3C (909d1433)][39m Calling AppiumDriver.findElements() with args: ["xpath","//*[@class = 'android.widget.ImageView' and @resource-id = 'com.semaai.toko.staging:id/iv_bottom_sheet_dismiss' and (@text = '' or . = '')]","909d1433-f16b-40b6-940e-9704f12beef1"]
[debug] [35m[BaseDriver][39m Valid locator strategies for this request: xpath, id, class name, accessibility id, css selector, -android uiautomator
[debug] [35m[BaseDriver][39m Waiting up to 60000 ms for condition
[debug] [35m[WD Proxy][39m Matched '/elements' to command name 'findElements'
[debug] [35m[WD Proxy][39m Proxying [POST /elements] to [POST http://127.0.0.1:8258/wd/hub/session/00092ade-3bd3-44d0-8463-ce57c752fd22/elements] with body: {"strategy":"xpath","selector":"//*[@class = 'android.widget.ImageView' and @resource-id = 'com.semaai.toko.staging:id/iv_bottom_sheet_dismiss' and (@text = '' or . = '')]","context":"","multiple":true}
[debug] [35m[WD Proxy][39m Got response with status 200: {"sessionId":"00092ade-3bd3-44d0-8463-ce57c752fd22","value":[{"ELEMENT":"00000000-0000-04cd-ffff-ffff00000332","element-6066-11e4-a52e-4f735466cecf":"00000000-0000-04cd-ffff-ffff00000332"}]}
[debug] [35m[W3C (909d1433)][39m Responding to client with driver.findElements() result: [{"element-6066-11e4-a52e-4f735466cecf":"00000000-0000-04cd-ffff-ffff00000332","ELEMENT":"00000000-0000-04cd-ffff-ffff00000332"}]
[35m[HTTP][39m [37m<-- POST /wd/hub/session/909d1433-f16b-40b6-940e-9704f12beef1/elements [39m[32m200[39m [90m186 ms - 139[39m
[35m[HTTP][39m [90m[39m
[35m[HTTP][39m [37m-->[39m [37mPOST[39m [37m/wd/hub/session/909d1433-f16b-40b6-940e-9704f12beef1/timeouts[39m
[35m[HTTP][39m [90m{"implicit":1000}[39m
[debug] [35m[W3C (909d1433)][39m Calling AppiumDriver.timeouts() with args: [null,null,null,null,1000,"909d1433-f16b-40b6-940e-9704f12beef1"]
[debug] [35m[BaseDriver][39m W3C timeout argument: {"implicit":1000}}
[debug] [35m[BaseDriver][39m Set implicit wait to 1000ms
[debug] [35m[W3C (909d1433)][39m Responding to client with driver.timeouts() result: null
[35m[HTTP][39m [37m<-- POST /wd/hub/session/909d1433-f16b-40b6-940e-9704f12beef1/timeouts [39m[32m200[39m [90m3 ms - 14[39m
[35m[HTTP][39m [90m[39m
[35m[HTTP][39m [37m-->[39m [37mPOST[39m [37m/wd/hub/session/909d1433-f16b-40b6-940e-9704f12beef1/elements[39m
[35m[HTTP][39m [90m{"using":"xpath","value":"//*[@class = 'android.widget.ImageView' and @resource-id = 'com.semaai.toko.staging:id/iv_bottom_sheet_dismiss' and (@text = '' or . = '')]"}[39m
[debug] [35m[W3C (909d1433)][39m Calling AppiumDriver.findElements() with args: ["xpath","//*[@class = 'android.widget.ImageView' and @resource-id = 'com.semaai.toko.staging:id/iv_bottom_sheet_dismiss' and (@text = '' or . = '')]","909d1433-f16b-40b6-940e-9704f12beef1"]
[debug] [35m[BaseDriver][39m Valid locator strategies for this request: xpath, id, class name, accessibility id, css selector, -android uiautomator
[debug] [35m[BaseDriver][39m Waiting up to 1000 ms for condition
[debug] [35m[WD Proxy][39m Matched '/elements' to command name 'findElements'
[debug] [35m[WD Proxy][39m Proxying [POST /elements] to [POST http://127.0.0.1:8258/wd/hub/session/00092ade-3bd3-44d0-8463-ce57c752fd22/elements] with body: {"strategy":"xpath","selector":"//*[@class = 'android.widget.ImageView' and @resource-id = 'com.semaai.toko.staging:id/iv_bottom_sheet_dismiss' and (@text = '' or . = '')]","context":"","multiple":true}
[debug] [35m[WD Proxy][39m Got response with status 200: {"sessionId":"00092ade-3bd3-44d0-8463-ce57c752fd22","value":[{"ELEMENT":"00000000-0000-04cd-ffff-ffff00000332","element-6066-11e4-a52e-4f735466cecf":"00000000-0000-04cd-ffff-ffff00000332"}]}
[debug] [35m[W3C (909d1433)][39m Responding to client with driver.findElements() result: [{"element-6066-11e4-a52e-4f735466cecf":"00000000-0000-04cd-ffff-ffff00000332","ELEMENT":"00000000-0000-04cd-ffff-ffff00000332"}]
[35m[HTTP][39m [37m<-- POST /wd/hub/session/909d1433-f16b-40b6-940e-9704f12beef1/elements [39m[32m200[39m [90m84 ms - 139[39m
[35m[HTTP][39m [90m[39m
[35m[HTTP][39m [37m-->[39m [37mGET[39m [37m/wd/hub/session/909d1433-f16b-40b6-940e-9704f12beef1/element/00000000-0000-04cd-ffff-ffff00000332/location[39m
[35m[HTTP][39m [90m{}[39m
[35m[W3C (909d1433)][39m Driver proxy active, passing request on via HTTP proxy
[debug] [35m[WD Proxy][39m Matched '/wd/hub/session/909d1433-f16b-40b6-940e-9704f12beef1/element/00000000-0000-04cd-ffff-ffff00000332/location' to command name 'getLocation'
[debug] [35m[WD Proxy][39m Proxying [GET /wd/hub/session/909d1433-f16b-40b6-940e-9704f12beef1/element/00000000-0000-04cd-ffff-ffff00000332/location] to [GET http://127.0.0.1:8258/wd/hub/session/00092ade-3bd3-44d0-8463-ce57c752fd22/element/00000000-0000-04cd-ffff-ffff00000332/location] with no body
[debug] [35m[WD Proxy][39m Got response with status 200: {"sessionId":"00092ade-3bd3-44d0-8463-ce57c752fd22","value":{"x":1286,"y":894}}
[35m[WD Proxy][39m Replacing sessionId 00092ade-3bd3-44d0-8463-ce57c752fd22 with 909d1433-f16b-40b6-940e-9704f12beef1
[35m[HTTP][39m [37m<-- GET /wd/hub/session/909d1433-f16b-40b6-940e-9704f12beef1/element/00000000-0000-04cd-ffff-ffff00000332/location [39m[32m200[39m [90m11 ms - 79[39m
[35m[HTTP][39m [90m[39m
[35m[HTTP][39m [37m-->[39m [37mGET[39m [37m/wd/hub/session/909d1433-f16b-40b6-940e-9704f12beef1/element/00000000-0000-04cd-ffff-ffff00000332/size[39m
[35m[HTTP][39m [90m{}[39m
[35m[W3C (909d1433)][39m Driver proxy active, passing request on via HTTP proxy
[debug] [35m[WD Proxy][39m Matched '/wd/hub/session/909d1433-f16b-40b6-940e-9704f12beef1/element/00000000-0000-04cd-ffff-ffff00000332/size' to command name 'getSize'
[debug] [35m[WD Proxy][39m Proxying [GET /wd/hub/session/909d1433-f16b-40b6-940e-9704f12beef1/element/00000000-0000-04cd-ffff-ffff00000332/size] to [GET http://127.0.0.1:8258/wd/hub/session/00092ade-3bd3-44d0-8463-ce57c752fd22/element/00000000-0000-04cd-ffff-ffff00000332/size] with no body
[debug] [35m[WD Proxy][39m Got response with status 200: {"sessionId":"00092ade-3bd3-44d0-8463-ce57c752fd22","value":{"height":112,"width":112}}
[35m[WD Proxy][39m Replacing sessionId 00092ade-3bd3-44d0-8463-ce57c752fd22 with 909d1433-f16b-40b6-940e-9704f12beef1
[35m[HTTP][39m [37m<-- GET /wd/hub/session/909d1433-f16b-40b6-940e-9704f12beef1/element/00000000-0000-04cd-ffff-ffff00000332/size [39m[32m200[39m [90m8 ms - 87[39m
[35m[HTTP][39m [90m[39m
[35m[HTTP][39m [37m-->[39m [37mPOST[39m [37m/wd/hub/session/909d1433-f16b-40b6-940e-9704f12beef1/timeouts[39m
[35m[HTTP][39m [90m{"implicit":1000}[39m
[debug] [35m[W3C (909d1433)][39m Calling AppiumDriver.timeouts() with args: [null,null,null,null,1000,"909d1433-f16b-40b6-940e-9704f12beef1"]
[debug] [35m[BaseDriver][39m W3C timeout argument: {"implicit":1000}}
[debug] [35m[BaseDriver][39m Set implicit wait to 1000ms
[debug] [35m[W3C (909d1433)][39m Responding to client with driver.timeouts() result: null
[35m[HTTP][39m [37m<-- POST /wd/hub/session/909d1433-f16b-40b6-940e-9704f12beef1/timeouts [39m[32m200[39m [90m2 ms - 14[39m
[35m[HTTP][39m [90m[39m
[35m[HTTP][39m [37m-->[39m [37mPOST[39m [37m/wd/hub/session/909d1433-f16b-40b6-940e-9704f12beef1/elements[39m
[35m[HTTP][39m [90m{"using":"xpath","value":"//hierarchy/android.widget.FrameLayout[1]/android.widget.LinearLayout[1]/android.widget.FrameLayout[1]/android.widget.FrameLayout[1]/android.widget.FrameLayout[1]/android.widget.FrameLayout[1]/android.view.ViewGroup[1]/android.widget.FrameLayout[1]/android.view.ViewGroup[1]/android.view.ViewGroup[1]/android.widget.Button[1][count(. | //*[@class = 'android.widget.Button' and (@text = 'Asyik, OK!' or . = 'Asyik, OK!') and @resource-id = 'com.semaai.toko.staging:id/btn_confirm']) = count(//*[@class = 'android.widget.Button' and (@text = 'Asyik, OK!' or . = 'Asyik, OK!') and @resource-id = 'com.semaai.toko.staging:id/btn_confirm'])]"}[39m
[debug] [35m[W3C (909d1433)][39m Calling AppiumDriver.findElements() with args: ["xpath","//hierarchy/android.widget.FrameLayout[1]/android.widget.LinearLayout[1]/android.widget.FrameLayout[1]/android.widget.FrameLayout[1]/android.widget.FrameLayout[1]/android.widget.FrameLayout[1]/android.view.ViewGroup[1]/android.widget.FrameLayout[1]/android.view.ViewGroup[1]/android.view.ViewGroup[1]/android.widget.Button[1][count(. | //*[@class = 'android.widget.Button' and (@text = 'Asyik, OK!' or . = 'Asyik, OK!') and @resource-id = 'com.semaai.toko.staging:id/btn_confirm']) = count(//*[@class = 'android.widget.Button' and (@text = 'Asyik, OK!' or . = 'Asyik, OK!') and @resource-id = 'com.semaai.toko.staging:id/btn_confirm'])]","909d1433-f16b-40b6-940e-9704f12beef1"]
[debug] [35m[BaseDriver][39m Valid locator strategies for this request: xpath, id, class name, accessibility id, css selector, -android uiautomator
[debug] [35m[BaseDriver][39m Waiting up to 1000 ms for condition
[debug] [35m[WD Proxy][39m Matched '/elements' to command name 'findElements'
[debug] [35m[WD Proxy][39m Proxying [POST /elements] to [POST http://127.0.0.1:8258/wd/hub/session/00092ade-3bd3-44d0-8463-ce57c752fd22/elements] with body: {"strategy":"xpath","selector":"//hierarchy/android.widget.FrameLayout[1]/android.widget.LinearLayout[1]/android.widget.FrameLayout[1]/android.widget.FrameLayout[1]/android.widget.FrameLayout[1]/android.widget.FrameLayout[1]/android.view.ViewGroup[1]/android.widget.FrameLayout[1]/android.view.ViewGroup[1]/android.view.ViewGroup[1]/android.widget.Button[1][count(. | //*[@class = 'android.widget.Button' and (@text = 'Asyik, OK!' or . = 'Asyik, OK!') and @resource-id = 'com.semaai.toko.staging:id/btn_confirm']) = count(//*[@class = 'android.widget.Button' and (@text = 'Asyik, OK!' or . = 'Asyik, OK!') and @resource-id = 'com.semaai.toko.staging:id/btn_confirm'])]","context":"","multiple":true}
[debug] [35m[WD Proxy][39m Got response with status 200: {"sessionId":"00092ade-3bd3-44d0-8463-ce57c752fd22","value":[{"ELEMENT":"00000000-0000-04cd-ffff-ffff00000337","element-6066-11e4-a52e-4f735466cecf":"00000000-0000-04cd-ffff-ffff00000337"}]}
[debug] [35m[W3C (909d1433)][39m Responding to client with driver.findElements() result: [{"element-6066-11e4-a52e-4f735466cecf":"00000000-0000-04cd-ffff-ffff00000337","ELEMENT":"00000000-0000-04cd-ffff-ffff00000337"}]
[35m[HTTP][39m [37m<-- POST /wd/hub/session/909d1433-f16b-40b6-940e-9704f12beef1/elements [39m[32m200[39m [90m87 ms - 139[39m
[35m[HTTP][39m [90m[39m
[35m[HTTP][39m [37m-->[39m [37mGET[39m [37m/wd/hub/session/909d1433-f16b-40b6-940e-9704f12beef1/element/00000000-0000-04cd-ffff-ffff00000337/location[39m
[35m[HTTP][39m [90m{}[39m
[35m[W3C (909d1433)][39m Driver proxy active, passing request on via HTTP proxy
[debug] [35m[WD Proxy][39m Matched '/wd/hub/session/909d1433-f16b-40b6-940e-9704f12beef1/element/00000000-0000-04cd-ffff-ffff00000337/location' to command name 'getLocation'
[debug] [35m[WD Proxy][39m Proxying [GET /wd/hub/session/909d1433-f16b-40b6-940e-9704f12beef1/element/00000000-0000-04cd-ffff-ffff00000337/location] to [GET http://127.0.0.1:8258/wd/hub/session/00092ade-3bd3-44d0-8463-ce57c752fd22/element/00000000-0000-04cd-ffff-ffff00000337/location] with no body
[debug] [35m[WD Proxy][39m Got response with status 200: {"sessionId":"00092ade-3bd3-44d0-8463-ce57c752fd22","value":{"x":56,"y":2306}}
[35m[WD Proxy][39m Replacing sessionId 00092ade-3bd3-44d0-8463-ce57c752fd22 with 909d1433-f16b-40b6-940e-9704f12beef1
[35m[HTTP][39m [37m<-- GET /wd/hub/session/909d1433-f16b-40b6-940e-9704f12beef1/element/00000000-0000-04cd-ffff-ffff00000337/location [39m[32m200[39m [90m10 ms - 78[39m
[35m[HTTP][39m [90m[39m
[35m[HTTP][39m [37m-->[39m [37mGET[39m [37m/wd/hub/session/909d1433-f16b-40b6-940e-9704f12beef1/element/00000000-0000-04cd-ffff-ffff00000337/size[39m
[35m[HTTP][39m [90m{}[39m
[35m[W3C (909d1433)][39m Driver proxy active, passing request on via HTTP proxy
[debug] [35m[WD Proxy][39m Matched '/wd/hub/session/909d1433-f16b-40b6-940e-9704f12beef1/element/00000000-0000-04cd-ffff-ffff00000337/size' to command name 'getSize'
[debug] [35m[WD Proxy][39m Proxying [GET /wd/hub/session/909d1433-f16b-40b6-940e-9704f12beef1/element/00000000-0000-04cd-ffff-ffff00000337/size] to [GET http://127.0.0.1:8258/wd/hub/session/00092ade-3bd3-44d0-8463-ce57c752fd22/element/00000000-0000-04cd-ffff-ffff00000337/size] with no body
[debug] [35m[WD Proxy][39m Got response with status 200: {"sessionId":"00092ade-3bd3-44d0-8463-ce57c752fd22","value":{"height":169,"width":1328}}
[35m[WD Proxy][39m Replacing sessionId 00092ade-3bd3-44d0-8463-ce57c752fd22 with 909d1433-f16b-40b6-940e-9704f12beef1
[35m[HTTP][39m [37m<-- GET /wd/hub/session/909d1433-f16b-40b6-940e-9704f12beef1/element/00000000-0000-04cd-ffff-ffff00000337/size [39m[32m200[39m [90m7 ms - 88[39m
[35m[HTTP][39m [90m[39m
[35m[HTTP][39m [37m-->[39m [37mPOST[39m [37m/wd/hub/session/909d1433-f16b-40b6-940e-9704f12beef1/timeouts[39m
[35m[HTTP][39m [90m{"implicit":1000}[39m
[debug] [35m[W3C (909d1433)][39m Calling AppiumDriver.timeouts() with args: [null,null,null,null,1000,"909d1433-f16b-40b6-940e-9704f12beef1"]
[debug] [35m[BaseDriver][39m W3C timeout argument: {"implicit":1000}}
[debug] [35m[BaseDriver][39m Set implicit wait to 1000ms
[debug] [35m[W3C (909d1433)][39m Responding to client with driver.timeouts() result: null
[35m[HTTP][39m [37m<-- POST /wd/hub/session/909d1433-f16b-40b6-940e-9704f12beef1/timeouts [39m[32m200[39m [90m1 ms - 14[39m
[35m[HTTP][39m [90m[39m
[35m[HTTP][39m [37m-->[39m [37mPOST[39m [37m/wd/hub/session/909d1433-f16b-40b6-940e-9704f12beef1/elements[39m
[35m[HTTP][39m [90m{"using":"xpath","value":"//hierarchy/android.widget.FrameLayout[1]/android.widget.LinearLayout[1]/android.widget.FrameLayout[1]/android.widget.FrameLayout[1]/android.widget.FrameLayout[1]/android.widget.FrameLayout[1]/android.view.ViewGroup[1]/android.widget.FrameLayout[1]/android.view.ViewGroup[1]/android.view.ViewGroup[1]/android.widget.Button[1][count(. | //*[@class = 'android.widget.Button' and (@text = 'Asyik, OK!' or . = 'Asyik, OK!') and @resource-id = 'com.semaai.toko.staging:id/btn_confirm']) = count(//*[@class = 'android.widget.Button' and (@text = 'Asyik, OK!' or . = 'Asyik, OK!') and @resource-id = 'com.semaai.toko.staging:id/btn_confirm'])]"}[39m
[debug] [35m[W3C (909d1433)][39m Calling AppiumDriver.findElements() with args: ["xpath","//hierarchy/android.widget.FrameLayout[1]/android.widget.LinearLayout[1]/android.widget.FrameLayout[1]/android.widget.FrameLayout[1]/android.widget.FrameLayout[1]/android.widget.FrameLayout[1]/android.view.ViewGroup[1]/android.widget.FrameLayout[1]/android.view.ViewGroup[1]/android.view.ViewGroup[1]/android.widget.Button[1][count(. | //*[@class = 'android.widget.Button' and (@text = 'Asyik, OK!' or . = 'Asyik, OK!') and @resource-id = 'com.semaai.toko.staging:id/btn_confirm']) = count(//*[@class = 'android.widget.Button' and (@text = 'Asyik, OK!' or . = 'Asyik, OK!') and @resource-id = 'com.semaai.toko.staging:id/btn_confirm'])]","909d1433-f16b-40b6-940e-9704f12beef1"]
[debug] [35m[BaseDriver][39m Valid locator strategies for this request: xpath, id, class name, accessibility id, css selector, -android uiautomator
[debug] [35m[BaseDriver][39m Waiting up to 1000 ms for condition
[debug] [35m[WD Proxy][39m Matched '/elements' to command name 'findElements'
[debug] [35m[WD Proxy][39m Proxying [POST /elements] to [POST http://127.0.0.1:8258/wd/hub/session/00092ade-3bd3-44d0-8463-ce57c752fd22/elements] with body: {"strategy":"xpath","selector":"//hierarchy/android.widget.FrameLayout[1]/android.widget.LinearLayout[1]/android.widget.FrameLayout[1]/android.widget.FrameLayout[1]/android.widget.FrameLayout[1]/android.widget.FrameLayout[1]/android.view.ViewGroup[1]/android.widget.FrameLayout[1]/android.view.ViewGroup[1]/android.view.ViewGroup[1]/android.widget.Button[1][count(. | //*[@class = 'android.widget.Button' and (@text = 'Asyik, OK!' or . = 'Asyik, OK!') and @resource-id = 'com.semaai.toko.staging:id/btn_confirm']) = count(//*[@class = 'android.widget.Button' and (@text = 'Asyik, OK!' or . = 'Asyik, OK!') and @resource-id = 'com.semaai.toko.staging:id/btn_confirm'])]","context":"","multiple":true}
[debug] [35m[WD Proxy][39m Got response with status 200: {"sessionId":"00092ade-3bd3-44d0-8463-ce57c752fd22","value":[{"ELEMENT":"00000000-0000-04cd-ffff-ffff00000337","element-6066-11e4-a52e-4f735466cecf":"00000000-0000-04cd-ffff-ffff00000337"}]}
[debug] [35m[W3C (909d1433)][39m Responding to client with driver.findElements() result: [{"element-6066-11e4-a52e-4f735466cecf":"00000000-0000-04cd-ffff-ffff00000337","ELEMENT":"00000000-0000-04cd-ffff-ffff00000337"}]
[35m[HTTP][39m [37m<-- POST /wd/hub/session/909d1433-f16b-40b6-940e-9704f12beef1/elements [39m[32m200[39m [90m60 ms - 139[39m
[35m[HTTP][39m [90m[39m
[35m[HTTP][39m [37m-->[39m [37mGET[39m [37m/wd/hub/session/909d1433-f16b-40b6-940e-9704f12beef1/element/00000000-0000-04cd-ffff-ffff00000337/location[39m
[35m[HTTP][39m [90m{}[39m
[35m[W3C (909d1433)][39m Driver proxy active, passing request on via HTTP proxy
[debug] [35m[WD Proxy][39m Matched '/wd/hub/session/909d1433-f16b-40b6-940e-9704f12beef1/element/00000000-0000-04cd-ffff-ffff00000337/location' to command name 'getLocation'
[debug] [35m[WD Proxy][39m Proxying [GET /wd/hub/session/909d1433-f16b-40b6-940e-9704f12beef1/element/00000000-0000-04cd-ffff-ffff00000337/location] to [GET http://127.0.0.1:8258/wd/hub/session/00092ade-3bd3-44d0-8463-ce57c752fd22/element/00000000-0000-04cd-ffff-ffff00000337/location] with no body
[debug] [35m[WD Proxy][39m Got response with status 200: {"sessionId":"00092ade-3bd3-44d0-8463-ce57c752fd22","value":{"x":56,"y":2306}}
[35m[WD Proxy][39m Replacing sessionId 00092ade-3bd3-44d0-8463-ce57c752fd22 with 909d1433-f16b-40b6-940e-9704f12beef1
[35m[HTTP][39m [37m<-- GET /wd/hub/session/909d1433-f16b-40b6-940e-9704f12beef1/element/00000000-0000-04cd-ffff-ffff00000337/location [39m[32m200[39m [90m6 ms - 78[39m
[35m[HTTP][39m [90m[39m
[35m[HTTP][39m [37m-->[39m [37mGET[39m [37m/wd/hub/session/909d1433-f16b-40b6-940e-9704f12beef1/element/00000000-0000-04cd-ffff-ffff00000337/size[39m
[35m[HTTP][39m [90m{}[39m
[35m[W3C (909d1433)][39m Driver proxy active, passing request on via HTTP proxy
[debug] [35m[WD Proxy][39m Matched '/wd/hub/session/909d1433-f16b-40b6-940e-9704f12beef1/element/00000000-0000-04cd-ffff-ffff00000337/size' to command name 'getSize'
[debug] [35m[WD Proxy][39m Proxying [GET /wd/hub/session/909d1433-f16b-40b6-940e-9704f12beef1/element/00000000-0000-04cd-ffff-ffff00000337/size] to [GET http://127.0.0.1:8258/wd/hub/session/00092ade-3bd3-44d0-8463-ce57c752fd22/element/00000000-0000-04cd-ffff-ffff00000337/size] with no body
[debug] [35m[WD Proxy][39m Got response with status 200: {"sessionId":"00092ade-3bd3-44d0-8463-ce57c752fd22","value":{"height":169,"width":1328}}
[35m[WD Proxy][39m Replacing sessionId 00092ade-3bd3-44d0-8463-ce57c752fd22 with 909d1433-f16b-40b6-940e-9704f12beef1
[35m[HTTP][39m [37m<-- GET /wd/hub/session/909d1433-f16b-40b6-940e-9704f12beef1/element/00000000-0000-04cd-ffff-ffff00000337/size [39m[32m200[39m [90m6 ms - 88[39m
[35m[HTTP][39m [90m[39m
[35m[HTTP][39m [37m-->[39m [37mPOST[39m [37m/wd/hub/session/909d1433-f16b-40b6-940e-9704f12beef1/timeouts[39m
[35m[HTTP][39m [90m{"implicit":1000}[39m
[debug] [35m[W3C (909d1433)][39m Calling AppiumDriver.timeouts() with args: [null,null,null,null,1000,"909d1433-f16b-40b6-940e-9704f12beef1"]
[debug] [35m[BaseDriver][39m W3C timeout argument: {"implicit":1000}}
[debug] [35m[BaseDriver][39m Set implicit wait to 1000ms
[debug] [35m[W3C (909d1433)][39m Responding to client with driver.timeouts() result: null
[35m[HTTP][39m [37m<-- POST /wd/hub/session/909d1433-f16b-40b6-940e-9704f12beef1/timeouts [39m[32m200[39m [90m3 ms - 14[39m
[35m[HTTP][39m [90m[39m
[35m[HTTP][39m [37m-->[39m [37mPOST[39m [37m/wd/hub/session/909d1433-f16b-40b6-940e-9704f12beef1/elements[39m
[35m[HTTP][39m [90m{"using":"xpath","value":"//*[@class = 'android.widget.ImageView' and @resource-id = 'com.semaai.toko.staging:id/iv_bottom_sheet_dismiss' and (@text = '' or . = '')] || //hierarchy/android.widget.FrameLayout[1]/android.widget.LinearLayout[1]/android.widget.FrameLayout[1]/android.widget.FrameLayout[1]/android.widget.FrameLayout[1]/android.widget.FrameLayout[1]/android.view.ViewGroup[1]/android.widget.FrameLayout[1]/android.view.ViewGroup[1]/android.view.ViewGroup[1]/android.widget.Button[1][count(. | //*[@class = 'android.widget.Button' and (@text = 'Asyik, OK!' or . = 'Asyik, OK!') and @resource-id = 'com.semaai.toko.staging:id/btn_confirm']) = count(//*[@class = 'android.widget.Button' and (@text = 'Asyik, OK!' or . = 'Asyik, OK!') and @resource-id = 'com.semaai.toko.staging:id/btn_confirm'])] || "}[39m
[debug] [35m[W3C (909d1433)][39m Calling AppiumDriver.findElements() with args: ["xpath","//*[@class = 'android.widget.ImageView' and @resource-id = 'com.semaai.toko.staging:id/iv_bottom_sheet_dismiss' and (@text = '' or . = '')] || //hierarchy/android.widget.FrameLayout[1]/android.widget.LinearLayout[1]/android.widget.FrameLayout[1]/android.widget.FrameLayout[1]/android.widget.FrameLayout[1]/android.widget.FrameLayout[1]/android.view.ViewGroup[1]/android.widget.FrameLayout[1]/android.view.ViewGroup[1]/android.view.ViewGroup[1]/android.widget.Button[1][count(. | //*[@class = 'android.widget.Button' and (@text = 'Asyik, OK!' or . = 'Asyik, OK!') and @resource-id = 'com.semaai.toko.staging:id/btn_confirm']) = count(//*[@class = 'android.widget.Button' and (@text = 'Asyik, OK!' or . = 'Asyik, OK!') and @resource-id = 'com.semaai.toko.staging:id/btn_confirm'])] || ","909d1433-f16b-40b6-940e-9704f12beef1"]
[debug] [35m[BaseDriver][39m Valid locator strategies for this request: xpath, id, class name, accessibility id, css selector, -android uiautomator
[debug] [35m[BaseDriver][39m Waiting up to 1000 ms for condition
[debug] [35m[WD Proxy][39m Matched '/elements' to command name 'findElements'
[debug] [35m[WD Proxy][39m Proxying [POST /elements] to [POST http://127.0.0.1:8258/wd/hub/session/00092ade-3bd3-44d0-8463-ce57c752fd22/elements] with body: {"strategy":"xpath","selector":"//*[@class = 'android.widget.ImageView' and @resource-id = 'com.semaai.toko.staging:id/iv_bottom_sheet_dismiss' and (@text = '' or . = '')] || //hierarchy/android.widget.FrameLayout[1]/android.widget.LinearLayout[1]/android.widget.FrameLayout[1]/android.widget.FrameLayout[1]/android.widget.FrameLayout[1]/android.widget.FrameLayout[1]/android.view.ViewGroup[1]/android.widget.FrameLayout[1]/android.view.ViewGroup[1]/android.view.ViewGroup[1]/android.widget.Button[1][count(. | //*[@class = 'android.widget.Button' and (@text = 'Asyik, OK!' or . = 'Asyik, OK!') and @resource-id = 'com.semaai.toko.staging:id/btn_confirm']) = count(//*[@class = 'android.widget.Button' and (@text = 'Asyik, OK!' or . = 'Asyik, OK!') and @resource-id = 'com.semaai.toko.staging:id/btn_confirm'])] || ","context":"","multiple":true}
[35m[WD Proxy][39m Got response with status 400: {"sessionId":"00092ade-3bd3-44d0-8463-ce57c752fd22","value":{"error":"invalid selector","message":"org.eclipse.wst.xml.xpath2.processor.XPathParserException: CUP parser error: Parser error: line 1 col 142: |","stacktrace":"io.appium.uiautomator2.common.exceptions.InvalidSelectorException: org.eclipse.wst.xml.xpath2.processor.XPathParserException: CUP parser error: Parser error: line 1 col 142: |\n\tat io.appium.uiautomator2.core.AccessibilityNodeInfoDumper.findNodes(AccessibilityNodeInfoDumper.java:213)\n\tat io.appium.uiautomator2.utils.ElementLocationHelpers.getXPathNodeMatch(ElementLocationHelpers.java:119)\n\tat io.appium.uiautomator2.handler.FindElements.findElements(FindElements.java:112)\n\tat io.appium.uiautomator2.handler.FindElements.safeHandle(FindElements.java:75)\n\tat io.appium.uiautomator2.handler.request.SafeRequestHandler.handle(SafeRequestHandler.java:59)\n\tat io.appium.uiautomator2.server.AppiumServlet.handleRequest(AppiumServlet.java:266)\n\tat io.appium.uiautomator2.server.AppiumServl...
[debug] [35m[W3C][39m Matched W3C error code 'invalid selector' to InvalidSelectorError
[debug] [35m[W3C (909d1433)][39m Encountered internal error running command: io.appium.uiautomator2.common.exceptions.InvalidSelectorException: org.eclipse.wst.xml.xpath2.processor.XPathParserException: CUP parser error: Parser error: line 1 col 142: |
[debug] [35m[W3C (909d1433)][39m 	at io.appium.uiautomator2.core.AccessibilityNodeInfoDumper.findNodes(AccessibilityNodeInfoDumper.java:213)
[debug] [35m[W3C (909d1433)][39m 	at io.appium.uiautomator2.utils.ElementLocationHelpers.getXPathNodeMatch(ElementLocationHelpers.java:119)
[debug] [35m[W3C (909d1433)][39m 	at io.appium.uiautomator2.handler.FindElements.findElements(FindElements.java:112)
[debug] [35m[W3C (909d1433)][39m 	at io.appium.uiautomator2.handler.FindElements.safeHandle(FindElements.java:75)
[debug] [35m[W3C (909d1433)][39m 	at io.appium.uiautomator2.handler.request.SafeRequestHandler.handle(SafeRequestHandler.java:59)
[debug] [35m[W3C (909d1433)][39m 	at io.appium.uiautomator2.server.AppiumServlet.handleRequest(AppiumServlet.java:266)
[debug] [35m[W3C (909d1433)][39m 	at io.appium.uiautomator2.server.AppiumServlet.handleHttpRequest(AppiumServlet.java:260)
[debug] [35m[W3C (909d1433)][39m 	at io.appium.uiautomator2.http.ServerHandler.channelRead(ServerHandler.java:68)
[debug] [35m[W3C (909d1433)][39m 	at io.netty.channel.AbstractChannelHandlerContext.invokeChannelRead(AbstractChannelHandlerContext.java:366)
[debug] [35m[W3C (909d1433)][39m 	at io.netty.channel.AbstractChannelHandlerContext.invokeChannelRead(AbstractChannelHandlerContext.java:352)
[debug] [35m[W3C (909d1433)][39m 	at io.netty.channel.AbstractChannelHandlerContext.fireChannelRead(AbstractChannelHandlerContext.java:345)
[debug] [35m[W3C (909d1433)][39m 	at io.netty.handler.codec.MessageToMessageDecoder.channelRead(MessageToMessageDecoder.java:102)
[debug] [35m[W3C (909d1433)][39m 	at io.netty.channel.AbstractChannelHandlerContext.invokeChannelRead(AbstractChannelHandlerContext.java:366)
[debug] [35m[W3C (909d1433)][39m 	at io.netty.channel.AbstractChannelHandlerContext.invokeChannelRead(AbstractChannelHandlerContext.java:352)
[debug] [35m[W3C (909d1433)][39m 	at io.netty.channel.AbstractChannelHandlerContext.fireChannelRead(AbstractChannelHandlerContext.java:345)
[debug] [35m[W3C (909d1433)][39m 	at io.netty.channel.CombinedChannelDuplexHandler$DelegatingChannelHandlerContext.fireChannelRead(CombinedChannelDuplexHandler.java:435)
[debug] [35m[W3C (909d1433)][39m 	at io.netty.handler.codec.ByteToMessageDecoder.fireChannelRead(ByteToMessageDecoder.java:293)
[debug] [35m[W3C (909d1433)][39m 	at io.netty.handler.codec.ByteToMessageDecoder.channelRead(ByteToMessageDecoder.java:267)
[debug] [35m[W3C (909d1433)][39m 	at io.netty.channel.CombinedChannelDuplexHandler.channelRead(CombinedChannelDuplexHandler.java:250)
[debug] [35m[W3C (909d1433)][39m 	at io.netty.channel.AbstractChannelHandlerContext.invokeChannelRead(AbstractChannelHandlerContext.java:366)
[debug] [35m[W3C (909d1433)][39m 	at io.netty.channel.AbstractChannelHandlerContext.invokeChannelRead(AbstractChannelHandlerContext.java:352)
[debug] [35m[W3C (909d1433)][39m 	at io.netty.channel.AbstractChannelHandlerContext.fireChannelRead(AbstractChannelHandlerContext.java:345)
[debug] [35m[W3C (909d1433)][39m 	at io.netty.handler.timeout.IdleStateHandler.channelRead(IdleStateHandler.java:266)
[debug] [35m[W3C (909d1433)][39m 	at io.netty.channel.AbstractChannelHandlerContext.invokeChannelRead(AbstractChannelHandlerContext.java:366)
[debug] [35m[W3C (909d1433)][39m 	at io.netty.channel.AbstractChannelHandlerContext.invokeChannelRead(AbstractChannelHandlerContext.java:352)
[debug] [35m[W3C (909d1433)][39m 	at io.netty.channel.AbstractChannelHandlerContext.fireChannelRead(AbstractChannelHandlerContext.java:345)
[debug] [35m[W3C (909d1433)][39m 	at io.netty.channel.DefaultChannelPipeline$HeadContext.channelRead(DefaultChannelPipeline.java:1294)
[debug] [35m[W3C (909d1433)][39m 	at io.netty.channel.AbstractChannelHandlerContext.invokeChannelRead(AbstractChannelHandlerContext.java:366)
[debug] [35m[W3C (909d1433)][39m 	at io.netty.channel.AbstractChannelHandlerContext.invokeChannelRead(AbstractChannelHandlerContext.java:352)
[debug] [35m[W3C (909d1433)][39m 	at io.netty.channel.DefaultChannelPipeline.fireChannelRead(DefaultChannelPipeline.java:911)
[debug] [35m[W3C (909d1433)][39m 	at io.netty.channel.nio.AbstractNioByteChannel$NioByteUnsafe.read(AbstractNioByteChannel.java:131)
[debug] [35m[W3C (909d1433)][39m 	at io.netty.channel.nio.NioEventLoop.processSelectedKey(NioEventLoop.java:611)
[debug] [35m[W3C (909d1433)][39m 	at io.netty.channel.nio.NioEventLoop.processSelectedKeysOptimized(NioEventLoop.java:552)
[debug] [35m[W3C (909d1433)][39m 	at io.netty.channel.nio.NioEventLoop.processSelectedKeys(NioEventLoop.java:466)
[debug] [35m[W3C (909d1433)][39m 	at io.netty.channel.nio.NioEventLoop.run(NioEventLoop.java:438)
[debug] [35m[W3C (909d1433)][39m 	at io.netty.util.concurrent.SingleThreadEventExecutor$2.run(SingleThreadEventExecutor.java:140)
[debug] [35m[W3C (909d1433)][39m 	at io.netty.util.concurrent.DefaultThreadFactory$DefaultRunnableDecorator.run(DefaultThreadFactory.java:144)
[debug] [35m[W3C (909d1433)][39m 	at java.lang.Thread.run(Thread.java:920)
[debug] [35m[W3C (909d1433)][39m Caused by: org.eclipse.wst.xml.xpath2.processor.XPathParserException: CUP parser error: Parser error: line 1 col 142: |
[debug] [35m[W3C (909d1433)][39m 	at org.eclipse.wst.xml.xpath2.processor.internal.InternalXPathParser.parse(InternalXPathParser.java:67)
[debug] [35m[W3C (909d1433)][39m 	at org.eclipse.wst.xml.xpath2.processor.JFlexCupParser.parse(JFlexCupParser.java:33)
[debug] [35m[W3C (909d1433)][39m 	at org.eclipse.wst.xml.xpath2.processor.Engine.parseExpression(Engine.java:17)
[debug] [35m[W3C (909d1433)][39m 	at io.appium.uiautomator2.core.AccessibilityNodeInfoDumper.findNodes(AccessibilityNodeInfoDumper.java:211)
[debug] [35m[W3C (909d1433)][39m 	... 37 more
[debug] [35m[W3C (909d1433)][39m Caused by: org.eclipse.wst.xml.xpath2.processor.internal.CupError
[debug] [35m[W3C (909d1433)][39m 	at org.eclipse.wst.xml.xpath2.processor.internal.XPathCup.report_error(XPathCup.java:3238)
[debug] [35m[W3C (909d1433)][39m 	at java_cup.runtime.lr_parser.syntax_error(lr_parser.java:396)
[debug] [35m[W3C (909d1433)][39m 	at java_cup.runtime.lr_parser.parse(lr_parser.java:595)
[debug] [35m[W3C (909d1433)][39m 	at org.eclipse.wst.xml.xpath2.processor.internal.InternalXPathParser.parse(InternalXPathParser.java:47)
[debug] [35m[W3C (909d1433)][39m 	... 40 more
[debug] [35m[W3C (909d1433)][39m 
[35m[HTTP][39m [37m<-- POST /wd/hub/session/909d1433-f16b-40b6-940e-9704f12beef1/elements [39m[33m400[39m [90m96 ms - 5077[39m
[35m[HTTP][39m [90m[39m
[35m[HTTP][39m [37m-->[39m [37mPOST[39m [37m/wd/hub/session/909d1433-f16b-40b6-940e-9704f12beef1/timeouts[39m
[35m[HTTP][39m [90m{"implicit":1000}[39m
[debug] [35m[W3C (909d1433)][39m Calling AppiumDriver.timeouts() with args: [null,null,null,null,1000,"909d1433-f16b-40b6-940e-9704f12beef1"]
[debug] [35m[BaseDriver][39m W3C timeout argument: {"implicit":1000}}
[debug] [35m[BaseDriver][39m Set implicit wait to 1000ms
[debug] [35m[W3C (909d1433)][39m Responding to client with driver.timeouts() result: null
[35m[HTTP][39m [37m<-- POST /wd/hub/session/909d1433-f16b-40b6-940e-9704f12beef1/timeouts [39m[32m200[39m [90m2 ms - 14[39m
[35m[HTTP][39m [90m[39m
[35m[HTTP][39m [37m-->[39m [37mPOST[39m [37m/wd/hub/session/909d1433-f16b-40b6-940e-9704f12beef1/elements[39m
[35m[HTTP][39m [90m{"using":"xpath","value":"//*[@class = 'android.widget.ImageView' and @resource-id = 'com.semaai.toko.staging:id/iv_bottom_sheet_dismiss' and (@text = '' or . = '')]"}[39m
[debug] [35m[W3C (909d1433)][39m Calling AppiumDriver.findElements() with args: ["xpath","//*[@class = 'android.widget.ImageView' and @resource-id = 'com.semaai.toko.staging:id/iv_bottom_sheet_dismiss' and (@text = '' or . = '')]","909d1433-f16b-40b6-940e-9704f12beef1"]
[debug] [35m[BaseDriver][39m Valid locator strategies for this request: xpath, id, class name, accessibility id, css selector, -android uiautomator
[debug] [35m[BaseDriver][39m Waiting up to 1000 ms for condition
[debug] [35m[WD Proxy][39m Matched '/elements' to command name 'findElements'
[debug] [35m[WD Proxy][39m Proxying [POST /elements] to [POST http://127.0.0.1:8258/wd/hub/session/00092ade-3bd3-44d0-8463-ce57c752fd22/elements] with body: {"strategy":"xpath","selector":"//*[@class = 'android.widget.ImageView' and @resource-id = 'com.semaai.toko.staging:id/iv_bottom_sheet_dismiss' and (@text = '' or . = '')]","context":"","multiple":true}
[debug] [35m[WD Proxy][39m Got response with status 200: {"sessionId":"00092ade-3bd3-44d0-8463-ce57c752fd22","value":[{"ELEMENT":"00000000-0000-04cd-ffff-ffff00000332","element-6066-11e4-a52e-4f735466cecf":"00000000-0000-04cd-ffff-ffff00000332"}]}
[debug] [35m[W3C (909d1433)][39m Responding to client with driver.findElements() result: [{"element-6066-11e4-a52e-4f735466cecf":"00000000-0000-04cd-ffff-ffff00000332","ELEMENT":"00000000-0000-04cd-ffff-ffff00000332"}]
[35m[HTTP][39m [37m<-- POST /wd/hub/session/909d1433-f16b-40b6-940e-9704f12beef1/elements [39m[32m200[39m [90m75 ms - 139[39m
[35m[HTTP][39m [90m[39m
[35m[HTTP][39m [37m-->[39m [37mGET[39m [37m/wd/hub/session/909d1433-f16b-40b6-940e-9704f12beef1/element/00000000-0000-04cd-ffff-ffff00000332/location[39m
[35m[HTTP][39m [90m{}[39m
[35m[W3C (909d1433)][39m Driver proxy active, passing request on via HTTP proxy
[debug] [35m[WD Proxy][39m Matched '/wd/hub/session/909d1433-f16b-40b6-940e-9704f12beef1/element/00000000-0000-04cd-ffff-ffff00000332/location' to command name 'getLocation'
[debug] [35m[WD Proxy][39m Proxying [GET /wd/hub/session/909d1433-f16b-40b6-940e-9704f12beef1/element/00000000-0000-04cd-ffff-ffff00000332/location] to [GET http://127.0.0.1:8258/wd/hub/session/00092ade-3bd3-44d0-8463-ce57c752fd22/element/00000000-0000-04cd-ffff-ffff00000332/location] with no body
[debug] [35m[WD Proxy][39m Got response with status 200: {"sessionId":"00092ade-3bd3-44d0-8463-ce57c752fd22","value":{"x":1286,"y":894}}
[35m[WD Proxy][39m Replacing sessionId 00092ade-3bd3-44d0-8463-ce57c752fd22 with 909d1433-f16b-40b6-940e-9704f12beef1
[35m[HTTP][39m [37m<-- GET /wd/hub/session/909d1433-f16b-40b6-940e-9704f12beef1/element/00000000-0000-04cd-ffff-ffff00000332/location [39m[32m200[39m [90m6 ms - 79[39m
[35m[HTTP][39m [90m[39m
[35m[HTTP][39m [37m-->[39m [37mGET[39m [37m/wd/hub/session/909d1433-f16b-40b6-940e-9704f12beef1/element/00000000-0000-04cd-ffff-ffff00000332/size[39m
[35m[HTTP][39m [90m{}[39m
[35m[W3C (909d1433)][39m Driver proxy active, passing request on via HTTP proxy
[debug] [35m[WD Proxy][39m Matched '/wd/hub/session/909d1433-f16b-40b6-940e-9704f12beef1/element/00000000-0000-04cd-ffff-ffff00000332/size' to command name 'getSize'
[debug] [35m[WD Proxy][39m Proxying [GET /wd/hub/session/909d1433-f16b-40b6-940e-9704f12beef1/element/00000000-0000-04cd-ffff-ffff00000332/size] to [GET http://127.0.0.1:8258/wd/hub/session/00092ade-3bd3-44d0-8463-ce57c752fd22/element/00000000-0000-04cd-ffff-ffff00000332/size] with no body
[debug] [35m[WD Proxy][39m Got response with status 200: {"sessionId":"00092ade-3bd3-44d0-8463-ce57c752fd22","value":{"height":112,"width":112}}
[35m[WD Proxy][39m Replacing sessionId 00092ade-3bd3-44d0-8463-ce57c752fd22 with 909d1433-f16b-40b6-940e-9704f12beef1
[35m[HTTP][39m [37m<-- GET /wd/hub/session/909d1433-f16b-40b6-940e-9704f12beef1/element/00000000-0000-04cd-ffff-ffff00000332/size [39m[32m200[39m [90m5 ms - 87[39m
[35m[HTTP][39m [90m[39m
[35m[HTTP][39m [37m-->[39m [37mPOST[39m [37m/wd/hub/session/909d1433-f16b-40b6-940e-9704f12beef1/timeouts[39m
[35m[HTTP][39m [90m{"implicit":1000}[39m
[debug] [35m[W3C (909d1433)][39m Calling AppiumDriver.timeouts() with args: [null,null,null,null,1000,"909d1433-f16b-40b6-940e-9704f12beef1"]
[debug] [35m[BaseDriver][39m W3C timeout argument: {"implicit":1000}}
[debug] [35m[BaseDriver][39m Set implicit wait to 1000ms
[debug] [35m[W3C (909d1433)][39m Responding to client with driver.timeouts() result: null
[35m[HTTP][39m [37m<-- POST /wd/hub/session/909d1433-f16b-40b6-940e-9704f12beef1/timeouts [39m[32m200[39m [90m3 ms - 14[39m
[35m[HTTP][39m [90m[39m
[35m[HTTP][39m [37m-->[39m [37mPOST[39m [37m/wd/hub/session/909d1433-f16b-40b6-940e-9704f12beef1/elements[39m
[35m[HTTP][39m [90m{"using":"xpath","value":"//hierarchy/android.widget.FrameLayout[1]/android.widget.LinearLayout[1]/android.widget.FrameLayout[1]/android.widget.FrameLayout[1]/android.widget.FrameLayout[1]/android.widget.FrameLayout[1]/android.view.ViewGroup[1]/android.widget.FrameLayout[1]/android.view.ViewGroup[1]/android.widget.ImageView[1]"}[39m
[debug] [35m[W3C (909d1433)][39m Calling AppiumDriver.findElements() with args: ["xpath","//hierarchy/android.widget.FrameLayout[1]/android.widget.LinearLayout[1]/android.widget.FrameLayout[1]/android.widget.FrameLayout[1]/android.widget.FrameLayout[1]/android.widget.FrameLayout[1]/android.view.ViewGroup[1]/android.widget.FrameLayout[1]/android.view.ViewGroup[1]/android.widget.ImageView[1]","909d1433-f16b-40b6-940e-9704f12beef1"]
[debug] [35m[BaseDriver][39m Valid locator strategies for this request: xpath, id, class name, accessibility id, css selector, -android uiautomator
[debug] [35m[BaseDriver][39m Waiting up to 1000 ms for condition
[debug] [35m[WD Proxy][39m Matched '/elements' to command name 'findElements'
[debug] [35m[WD Proxy][39m Proxying [POST /elements] to [POST http://127.0.0.1:8258/wd/hub/session/00092ade-3bd3-44d0-8463-ce57c752fd22/elements] with body: {"strategy":"xpath","selector":"//hierarchy/android.widget.FrameLayout[1]/android.widget.LinearLayout[1]/android.widget.FrameLayout[1]/android.widget.FrameLayout[1]/android.widget.FrameLayout[1]/android.widget.FrameLayout[1]/android.view.ViewGroup[1]/android.widget.FrameLayout[1]/android.view.ViewGroup[1]/android.widget.ImageView[1]","context":"","multiple":true}
[debug] [35m[WD Proxy][39m Got response with status 200: {"sessionId":"00092ade-3bd3-44d0-8463-ce57c752fd22","value":[{"ELEMENT":"00000000-0000-04cd-ffff-ffff00000332","element-6066-11e4-a52e-4f735466cecf":"00000000-0000-04cd-ffff-ffff00000332"}]}
[debug] [35m[W3C (909d1433)][39m Responding to client with driver.findElements() result: [{"element-6066-11e4-a52e-4f735466cecf":"00000000-0000-04cd-ffff-ffff00000332","ELEMENT":"00000000-0000-04cd-ffff-ffff00000332"}]
[35m[HTTP][39m [37m<-- POST /wd/hub/session/909d1433-f16b-40b6-940e-9704f12beef1/elements [39m[32m200[39m [90m73 ms - 139[39m
[35m[HTTP][39m [90m[39m
[35m[HTTP][39m [37m-->[39m [37mGET[39m [37m/wd/hub/session/909d1433-f16b-40b6-940e-9704f12beef1/element/00000000-0000-04cd-ffff-ffff00000332/location[39m
[35m[HTTP][39m [90m{}[39m
[35m[W3C (909d1433)][39m Driver proxy active, passing request on via HTTP proxy
[debug] [35m[WD Proxy][39m Matched '/wd/hub/session/909d1433-f16b-40b6-940e-9704f12beef1/element/00000000-0000-04cd-ffff-ffff00000332/location' to command name 'getLocation'
[debug] [35m[WD Proxy][39m Proxying [GET /wd/hub/session/909d1433-f16b-40b6-940e-9704f12beef1/element/00000000-0000-04cd-ffff-ffff00000332/location] to [GET http://127.0.0.1:8258/wd/hub/session/00092ade-3bd3-44d0-8463-ce57c752fd22/element/00000000-0000-04cd-ffff-ffff00000332/location] with no body
[debug] [35m[WD Proxy][39m Got response with status 200: {"sessionId":"00092ade-3bd3-44d0-8463-ce57c752fd22","value":{"x":1286,"y":894}}
[35m[WD Proxy][39m Replacing sessionId 00092ade-3bd3-44d0-8463-ce57c752fd22 with 909d1433-f16b-40b6-940e-9704f12beef1
[35m[HTTP][39m [37m<-- GET /wd/hub/session/909d1433-f16b-40b6-940e-9704f12beef1/element/00000000-0000-04cd-ffff-ffff00000332/location [39m[32m200[39m [90m15 ms - 79[39m
[35m[HTTP][39m [90m[39m
[35m[HTTP][39m [37m-->[39m [37mGET[39m [37m/wd/hub/session/909d1433-f16b-40b6-940e-9704f12beef1/element/00000000-0000-04cd-ffff-ffff00000332/size[39m
[35m[HTTP][39m [90m{}[39m
[35m[W3C (909d1433)][39m Driver proxy active, passing request on via HTTP proxy
[debug] [35m[WD Proxy][39m Matched '/wd/hub/session/909d1433-f16b-40b6-940e-9704f12beef1/element/00000000-0000-04cd-ffff-ffff00000332/size' to command name 'getSize'
[debug] [35m[WD Proxy][39m Proxying [GET /wd/hub/session/909d1433-f16b-40b6-940e-9704f12beef1/element/00000000-0000-04cd-ffff-ffff00000332/size] to [GET http://127.0.0.1:8258/wd/hub/session/00092ade-3bd3-44d0-8463-ce57c752fd22/element/00000000-0000-04cd-ffff-ffff00000332/size] with no body
[debug] [35m[WD Proxy][39m Got response with status 200: {"sessionId":"00092ade-3bd3-44d0-8463-ce57c752fd22","value":{"height":112,"width":112}}
[35m[WD Proxy][39m Replacing sessionId 00092ade-3bd3-44d0-8463-ce57c752fd22 with 909d1433-f16b-40b6-940e-9704f12beef1
[35m[HTTP][39m [37m<-- GET /wd/hub/session/909d1433-f16b-40b6-940e-9704f12beef1/element/00000000-0000-04cd-ffff-ffff00000332/size [39m[32m200[39m [90m8 ms - 87[39m
[35m[HTTP][39m [90m[39m
[35m[HTTP][39m [37m-->[39m [37mDELETE[39m [37m/wd/hub/session/909d1433-f16b-40b6-940e-9704f12beef1[39m
[35m[HTTP][39m [90m{}[39m
[debug] [35m[W3C (909d1433)][39m Calling AppiumDriver.deleteSession() with args: ["909d1433-f16b-40b6-940e-9704f12beef1"]
[debug] [35m[BaseDriver][39m Event 'quitSessionRequested' logged at 1680994304775 (04:21:44 GMT+0530 (India Standard Time))
[35m[Appium][39m Removing session 909d1433-f16b-40b6-940e-9704f12beef1 from our master session list
[debug] [35m[UiAutomator2][39m Deleting UiAutomator2 session
[debug] [35m[UiAutomator2][39m Deleting UiAutomator2 server session
[debug] [35m[WD Proxy][39m Matched '/' to command name 'deleteSession'
[debug] [35m[WD Proxy][39m Proxying [DELETE /] to [DELETE http://127.0.0.1:8258/wd/hub/session/00092ade-3bd3-44d0-8463-ce57c752fd22] with no body
[debug] [35m[WD Proxy][39m Got response with status 200: {"sessionId":"00092ade-3bd3-44d0-8463-ce57c752fd22","value":null}
[debug] [35m[ADB][39m Running '/Users/altamash/.katalon/tools/android_sdk/platform-tools/adb -P 5037 -s emulator-5554 shell am force-stop com.android.settings'
[debug] [35m[Logcat][39m Stopping logcat capture
[debug] [35m[ADB][39m Removing forwarded port socket connection: 8258 
[debug] [35m[ADB][39m Running '/Users/altamash/.katalon/tools/android_sdk/platform-tools/adb -P 5037 -s emulator-5554 forward --remove tcp:8258'
[35m[UiAutomator2][39m Restoring hidden api policy to the device default configuration
[debug] [35m[ADB][39m Running '/Users/altamash/.katalon/tools/android_sdk/platform-tools/adb -P 5037 -s emulator-5554 shell 'settings delete global hidden_api_policy_pre_p_apps;settings delete global hidden_api_policy_p_apps;settings delete global hidden_api_policy''
[debug] [35m[Instrumentation][39m .
[debug] [35m[BaseDriver][39m Event 'quitSessionFinished' logged at 1680994305492 (04:21:45 GMT+0530 (India Standard Time))
[debug] [35m[W3C (909d1433)][39m Received response: null
[debug] [35m[W3C (909d1433)][39m But deleting session, so not returning
[debug] [35m[W3C (909d1433)][39m Responding to client with driver.deleteSession() result: null
[35m[HTTP][39m [37m<-- DELETE /wd/hub/session/909d1433-f16b-40b6-940e-9704f12beef1 [39m[32m200[39m [90m719 ms - 14[39m
[35m[HTTP][39m [90m[39m
